{"C:\\Users\\danie\\Desktop\\Final Project\\Code\\VetPet\\backend\\src\\server.js": {"path":"C:\\Users\\danie\\Desktop\\Final Project\\Code\\VetPet\\backend\\src\\server.js","statementMap":{"0":{"start":{"line":1,"column":0},"end":{"line":1,"column":27}},"1":{"start":{"line":2,"column":16},"end":{"line":2,"column":34}},"2":{"start":{"line":3,"column":13},"end":{"line":3,"column":28}},"3":{"start":{"line":4,"column":14},"end":{"line":4,"column":30}},"4":{"start":{"line":5,"column":11},"end":{"line":5,"column":24}},"5":{"start":{"line":6,"column":13},"end":{"line":6,"column":28}},"6":{"start":{"line":7,"column":13},"end":{"line":7,"column":28}},"7":{"start":{"line":9,"column":12},"end":{"line":9,"column":21}},"8":{"start":{"line":12,"column":12},"end":{"line":12,"column":70}},"9":{"start":{"line":13,"column":13},"end":{"line":13,"column":62}},"10":{"start":{"line":16,"column":21},"end":{"line":16,"column":57}},"11":{"start":{"line":17,"column":19},"end":{"line":17,"column":53}},"12":{"start":{"line":18,"column":19},"end":{"line":18,"column":53}},"13":{"start":{"line":19,"column":27},"end":{"line":19,"column":69}},"14":{"start":{"line":20,"column":22},"end":{"line":20,"column":59}},"15":{"start":{"line":21,"column":34},"end":{"line":21,"column":83}},"16":{"start":{"line":22,"column":33},"end":{"line":22,"column":81}},"17":{"start":{"line":23,"column":21},"end":{"line":23,"column":57}},"18":{"start":{"line":24,"column":21},"end":{"line":24,"column":57}},"19":{"start":{"line":25,"column":28},"end":{"line":25,"column":71}},"20":{"start":{"line":26,"column":22},"end":{"line":26,"column":59}},"21":{"start":{"line":27,"column":25},"end":{"line":27,"column":65}},"22":{"start":{"line":28,"column":19},"end":{"line":28,"column":52}},"23":{"start":{"line":30,"column":0},"end":{"line":30,"column":16}},"24":{"start":{"line":31,"column":0},"end":{"line":31,"column":24}},"25":{"start":{"line":33,"column":0},"end":{"line":33,"column":29}},"26":{"start":{"line":34,"column":0},"end":{"line":34,"column":33}},"27":{"start":{"line":35,"column":0},"end":{"line":35,"column":29}},"28":{"start":{"line":36,"column":0},"end":{"line":36,"column":45}},"29":{"start":{"line":37,"column":0},"end":{"line":37,"column":36}},"30":{"start":{"line":38,"column":0},"end":{"line":38,"column":59}},"31":{"start":{"line":39,"column":0},"end":{"line":39,"column":52}},"32":{"start":{"line":40,"column":0},"end":{"line":40,"column":33}},"33":{"start":{"line":41,"column":0},"end":{"line":41,"column":33}},"34":{"start":{"line":42,"column":0},"end":{"line":42,"column":47}},"35":{"start":{"line":43,"column":0},"end":{"line":43,"column":35}},"36":{"start":{"line":44,"column":0},"end":{"line":44,"column":41}},"37":{"start":{"line":45,"column":0},"end":{"line":45,"column":29}},"38":{"start":{"line":49,"column":0},"end":{"line":54,"column":1}},"39":{"start":{"line":56,"column":0},"end":{"line":56,"column":33}}},"fnMap":{},"branchMap":{"0":{"loc":{"start":{"line":49,"column":0},"end":{"line":54,"column":1}},"type":"if","locations":[{"start":{},"end":{}}],"line":49}},"s":{"0":8,"1":8,"2":8,"3":8,"4":8,"5":8,"6":8,"7":8,"8":8,"9":8,"10":8,"11":8,"12":8,"13":8,"14":8,"15":8,"16":8,"17":8,"18":8,"19":8,"20":8,"21":8,"22":8,"23":8,"24":8,"25":8,"26":8,"27":8,"28":8,"29":8,"30":8,"31":8,"32":8,"33":8,"34":8,"35":8,"36":8,"37":8,"38":8,"39":8},"f":{},"b":{"0":[8]},"_coverageSchema":"1a1c01bbd47fc00a2c39e90264f33305004495a9","hash":"25ec3692f6e042945dff5d33c49d376fa335da15"}
,"C:\\Users\\danie\\Desktop\\Final Project\\Code\\VetPet\\backend\\src\\api\\routes\\appointmentsRoutes.js": {"path":"C:\\Users\\danie\\Desktop\\Final Project\\Code\\VetPet\\backend\\src\\api\\routes\\appointmentsRoutes.js","statementMap":{"0":{"start":{"line":1,"column":16},"end":{"line":1,"column":34}},"1":{"start":{"line":2,"column":15},"end":{"line":2,"column":31}},"2":{"start":{"line":18,"column":4},"end":{"line":18,"column":55}},"3":{"start":{"line":20,"column":0},"end":{"line":20,"column":54}},"4":{"start":{"line":21,"column":0},"end":{"line":21,"column":65}},"5":{"start":{"line":22,"column":0},"end":{"line":25,"column":2}},"6":{"start":{"line":26,"column":0},"end":{"line":26,"column":56}},"7":{"start":{"line":27,"column":0},"end":{"line":27,"column":57}},"8":{"start":{"line":28,"column":0},"end":{"line":31,"column":2}},"9":{"start":{"line":32,"column":0},"end":{"line":35,"column":2}},"10":{"start":{"line":36,"column":0},"end":{"line":36,"column":79}},"11":{"start":{"line":37,"column":0},"end":{"line":37,"column":75}},"12":{"start":{"line":38,"column":0},"end":{"line":38,"column":62}},"13":{"start":{"line":39,"column":0},"end":{"line":42,"column":2}},"14":{"start":{"line":43,"column":0},"end":{"line":46,"column":2}},"15":{"start":{"line":47,"column":0},"end":{"line":47,"column":63}},"16":{"start":{"line":48,"column":0},"end":{"line":48,"column":57}},"17":{"start":{"line":50,"column":0},"end":{"line":50,"column":24}}},"fnMap":{},"branchMap":{},"s":{"0":8,"1":8,"2":8,"3":8,"4":8,"5":8,"6":8,"7":8,"8":8,"9":8,"10":8,"11":8,"12":8,"13":8,"14":8,"15":8,"16":8,"17":8},"f":{},"b":{},"_coverageSchema":"1a1c01bbd47fc00a2c39e90264f33305004495a9","hash":"d9c265b29f83e191a136cc4aa60bb398f0ff449b"}
,"C:\\Users\\danie\\Desktop\\Final Project\\Code\\VetPet\\backend\\src\\api\\routes\\authRoutes.js": {"path":"C:\\Users\\danie\\Desktop\\Final Project\\Code\\VetPet\\backend\\src\\api\\routes\\authRoutes.js","statementMap":{"0":{"start":{"line":1,"column":16},"end":{"line":1,"column":34}},"1":{"start":{"line":2,"column":15},"end":{"line":2,"column":31}},"2":{"start":{"line":7,"column":4},"end":{"line":7,"column":49}},"3":{"start":{"line":12,"column":4},"end":{"line":12,"column":43}},"4":{"start":{"line":14,"column":0},"end":{"line":14,"column":47}},"5":{"start":{"line":15,"column":0},"end":{"line":15,"column":42}},"6":{"start":{"line":16,"column":0},"end":{"line":16,"column":54}},"7":{"start":{"line":17,"column":0},"end":{"line":17,"column":49}},"8":{"start":{"line":19,"column":0},"end":{"line":19,"column":24}}},"fnMap":{},"branchMap":{},"s":{"0":8,"1":8,"2":8,"3":8,"4":8,"5":8,"6":8,"7":8,"8":8},"f":{},"b":{},"_coverageSchema":"1a1c01bbd47fc00a2c39e90264f33305004495a9","hash":"75853614f4c554447f1ae851e7a149e248efc1ad"}
,"C:\\Users\\danie\\Desktop\\Final Project\\Code\\VetPet\\backend\\src\\api\\routes\\medicalTestsResultsRoutes.js": {"path":"C:\\Users\\danie\\Desktop\\Final Project\\Code\\VetPet\\backend\\src\\api\\routes\\medicalTestsResultsRoutes.js","statementMap":{"0":{"start":{"line":1,"column":16},"end":{"line":1,"column":34}},"1":{"start":{"line":2,"column":15},"end":{"line":2,"column":31}},"2":{"start":{"line":3,"column":85},"end":{"line":3,"column":143}},"3":{"start":{"line":5,"column":0},"end":{"line":5,"column":75}},"4":{"start":{"line":6,"column":0},"end":{"line":6,"column":82}},"5":{"start":{"line":7,"column":0},"end":{"line":7,"column":103}},"6":{"start":{"line":9,"column":0},"end":{"line":9,"column":24}}},"fnMap":{},"branchMap":{},"s":{"0":8,"1":8,"2":8,"3":8,"4":8,"5":8,"6":8},"f":{},"b":{},"_coverageSchema":"1a1c01bbd47fc00a2c39e90264f33305004495a9","hash":"7a57a20dcc957cba9147f43e5937c2259da3b22a"}
,"C:\\Users\\danie\\Desktop\\Final Project\\Code\\VetPet\\backend\\src\\api\\routes\\notificationsCountRoutes.js": {"path":"C:\\Users\\danie\\Desktop\\Final Project\\Code\\VetPet\\backend\\src\\api\\routes\\notificationsCountRoutes.js","statementMap":{"0":{"start":{"line":1,"column":16},"end":{"line":1,"column":34}},"1":{"start":{"line":2,"column":15},"end":{"line":2,"column":31}},"2":{"start":{"line":8,"column":4},"end":{"line":8,"column":61}},"3":{"start":{"line":10,"column":0},"end":{"line":13,"column":2}},"4":{"start":{"line":14,"column":0},"end":{"line":17,"column":2}},"5":{"start":{"line":19,"column":0},"end":{"line":22,"column":2}},"6":{"start":{"line":24,"column":0},"end":{"line":24,"column":77}},"7":{"start":{"line":26,"column":0},"end":{"line":26,"column":24}}},"fnMap":{},"branchMap":{},"s":{"0":8,"1":8,"2":8,"3":8,"4":8,"5":8,"6":8,"7":8},"f":{},"b":{},"_coverageSchema":"1a1c01bbd47fc00a2c39e90264f33305004495a9","hash":"a345a581363abb36625fbacf4ec1f8c1567c5d9b"}
,"C:\\Users\\danie\\Desktop\\Final Project\\Code\\VetPet\\backend\\src\\api\\routes\\ownersRoutes.js": {"path":"C:\\Users\\danie\\Desktop\\Final Project\\Code\\VetPet\\backend\\src\\api\\routes\\ownersRoutes.js","statementMap":{"0":{"start":{"line":1,"column":16},"end":{"line":1,"column":34}},"1":{"start":{"line":2,"column":15},"end":{"line":2,"column":31}},"2":{"start":{"line":8,"column":4},"end":{"line":8,"column":49}},"3":{"start":{"line":10,"column":0},"end":{"line":10,"column":37}},"4":{"start":{"line":11,"column":0},"end":{"line":11,"column":58}},"5":{"start":{"line":12,"column":0},"end":{"line":12,"column":57}},"6":{"start":{"line":13,"column":0},"end":{"line":13,"column":69}},"7":{"start":{"line":15,"column":0},"end":{"line":15,"column":24}}},"fnMap":{},"branchMap":{},"s":{"0":8,"1":8,"2":8,"3":8,"4":8,"5":8,"6":8,"7":8},"f":{},"b":{},"_coverageSchema":"1a1c01bbd47fc00a2c39e90264f33305004495a9","hash":"01d5e007a4edf6ec73fecec54831bcf270f20f76"}
,"C:\\Users\\danie\\Desktop\\Final Project\\Code\\VetPet\\backend\\src\\api\\routes\\paypalRoutes.js": {"path":"C:\\Users\\danie\\Desktop\\Final Project\\Code\\VetPet\\backend\\src\\api\\routes\\paypalRoutes.js","statementMap":{"0":{"start":{"line":1,"column":16},"end":{"line":1,"column":34}},"1":{"start":{"line":2,"column":15},"end":{"line":2,"column":31}},"2":{"start":{"line":7,"column":4},"end":{"line":7,"column":49}},"3":{"start":{"line":9,"column":0},"end":{"line":9,"column":54}},"4":{"start":{"line":10,"column":0},"end":{"line":10,"column":44}},"5":{"start":{"line":11,"column":0},"end":{"line":11,"column":63}},"6":{"start":{"line":13,"column":0},"end":{"line":13,"column":24}}},"fnMap":{},"branchMap":{},"s":{"0":8,"1":8,"2":8,"3":8,"4":8,"5":8,"6":8},"f":{},"b":{},"_coverageSchema":"1a1c01bbd47fc00a2c39e90264f33305004495a9","hash":"6f091be02720926165ed735a4e555a9fcf6ca6f1"}
,"C:\\Users\\danie\\Desktop\\Final Project\\Code\\VetPet\\backend\\src\\api\\routes\\petsRoutes.js": {"path":"C:\\Users\\danie\\Desktop\\Final Project\\Code\\VetPet\\backend\\src\\api\\routes\\petsRoutes.js","statementMap":{"0":{"start":{"line":1,"column":16},"end":{"line":1,"column":34}},"1":{"start":{"line":2,"column":15},"end":{"line":2,"column":31}},"2":{"start":{"line":9,"column":4},"end":{"line":9,"column":47}},"3":{"start":{"line":11,"column":0},"end":{"line":11,"column":46}},"4":{"start":{"line":12,"column":0},"end":{"line":12,"column":69}},"5":{"start":{"line":13,"column":0},"end":{"line":13,"column":71}},"6":{"start":{"line":14,"column":0},"end":{"line":14,"column":70}},"7":{"start":{"line":15,"column":0},"end":{"line":18,"column":2}},"8":{"start":{"line":20,"column":0},"end":{"line":20,"column":24}}},"fnMap":{},"branchMap":{},"s":{"0":8,"1":8,"2":8,"3":8,"4":8,"5":8,"6":8,"7":8,"8":8},"f":{},"b":{},"_coverageSchema":"1a1c01bbd47fc00a2c39e90264f33305004495a9","hash":"419f5a848c09c4877d0ffc3420ab6210e393c8a7"}
,"C:\\Users\\danie\\Desktop\\Final Project\\Code\\VetPet\\backend\\src\\api\\routes\\prescriptionsRoutes.js": {"path":"C:\\Users\\danie\\Desktop\\Final Project\\Code\\VetPet\\backend\\src\\api\\routes\\prescriptionsRoutes.js","statementMap":{"0":{"start":{"line":1,"column":16},"end":{"line":1,"column":34}},"1":{"start":{"line":2,"column":15},"end":{"line":2,"column":31}},"2":{"start":{"line":5,"column":4},"end":{"line":5,"column":56}},"3":{"start":{"line":7,"column":0},"end":{"line":7,"column":72}},"4":{"start":{"line":9,"column":0},"end":{"line":9,"column":24}}},"fnMap":{},"branchMap":{},"s":{"0":8,"1":8,"2":8,"3":8,"4":8},"f":{},"b":{},"_coverageSchema":"1a1c01bbd47fc00a2c39e90264f33305004495a9","hash":"6acb7350574c1127dc9238e26a5813d1549d2b62"}
,"C:\\Users\\danie\\Desktop\\Final Project\\Code\\VetPet\\backend\\src\\api\\routes\\recordsRoutes.js": {"path":"C:\\Users\\danie\\Desktop\\Final Project\\Code\\VetPet\\backend\\src\\api\\routes\\recordsRoutes.js","statementMap":{"0":{"start":{"line":1,"column":16},"end":{"line":1,"column":34}},"1":{"start":{"line":2,"column":15},"end":{"line":2,"column":31}},"2":{"start":{"line":3,"column":23},"end":{"line":3,"column":69}},"3":{"start":{"line":5,"column":0},"end":{"line":5,"column":47}},"4":{"start":{"line":7,"column":0},"end":{"line":7,"column":24}}},"fnMap":{},"branchMap":{},"s":{"0":8,"1":8,"2":8,"3":8,"4":8},"f":{},"b":{},"_coverageSchema":"1a1c01bbd47fc00a2c39e90264f33305004495a9","hash":"6c52f2841e75a8f777819d64c2371aec8cb2e92d"}
,"C:\\Users\\danie\\Desktop\\Final Project\\Code\\VetPet\\backend\\src\\api\\routes\\referencesRoutes.js": {"path":"C:\\Users\\danie\\Desktop\\Final Project\\Code\\VetPet\\backend\\src\\api\\routes\\referencesRoutes.js","statementMap":{"0":{"start":{"line":1,"column":16},"end":{"line":1,"column":34}},"1":{"start":{"line":2,"column":15},"end":{"line":2,"column":31}},"2":{"start":{"line":5,"column":4},"end":{"line":5,"column":53}},"3":{"start":{"line":7,"column":0},"end":{"line":7,"column":59}},"4":{"start":{"line":9,"column":0},"end":{"line":9,"column":24}}},"fnMap":{},"branchMap":{},"s":{"0":8,"1":8,"2":8,"3":8,"4":8},"f":{},"b":{},"_coverageSchema":"1a1c01bbd47fc00a2c39e90264f33305004495a9","hash":"3bc56ba786a912b94406a728352d9e1815e059da"}
,"C:\\Users\\danie\\Desktop\\Final Project\\Code\\VetPet\\backend\\src\\api\\routes\\stripeRoutes.js": {"path":"C:\\Users\\danie\\Desktop\\Final Project\\Code\\VetPet\\backend\\src\\api\\routes\\stripeRoutes.js","statementMap":{"0":{"start":{"line":1,"column":16},"end":{"line":1,"column":34}},"1":{"start":{"line":2,"column":15},"end":{"line":2,"column":31}},"2":{"start":{"line":3,"column":46},"end":{"line":3,"column":91}},"3":{"start":{"line":5,"column":0},"end":{"line":5,"column":59}},"4":{"start":{"line":6,"column":0},"end":{"line":6,"column":44}},"5":{"start":{"line":8,"column":0},"end":{"line":8,"column":24}}},"fnMap":{},"branchMap":{},"s":{"0":8,"1":8,"2":8,"3":8,"4":8,"5":8},"f":{},"b":{},"_coverageSchema":"1a1c01bbd47fc00a2c39e90264f33305004495a9","hash":"ee06b32fd230ff48c21f607fdf7143a5ff309d99"}
,"C:\\Users\\danie\\Desktop\\Final Project\\Code\\VetPet\\backend\\src\\api\\routes\\vaccineRoutes.js": {"path":"C:\\Users\\danie\\Desktop\\Final Project\\Code\\VetPet\\backend\\src\\api\\routes\\vaccineRoutes.js","statementMap":{"0":{"start":{"line":1,"column":16},"end":{"line":1,"column":34}},"1":{"start":{"line":2,"column":15},"end":{"line":2,"column":31}},"2":{"start":{"line":6,"column":4},"end":{"line":6,"column":50}},"3":{"start":{"line":8,"column":0},"end":{"line":8,"column":62}},"4":{"start":{"line":9,"column":0},"end":{"line":12,"column":2}},"5":{"start":{"line":14,"column":0},"end":{"line":14,"column":24}}},"fnMap":{},"branchMap":{},"s":{"0":8,"1":8,"2":8,"3":8,"4":8,"5":8},"f":{},"b":{},"_coverageSchema":"1a1c01bbd47fc00a2c39e90264f33305004495a9","hash":"d1641ed37a45fef93937a4e9cbefb011d3b93ed2"}
,"C:\\Users\\danie\\Desktop\\Final Project\\Code\\VetPet\\backend\\src\\api\\routes\\vetRoutes.js": {"path":"C:\\Users\\danie\\Desktop\\Final Project\\Code\\VetPet\\backend\\src\\api\\routes\\vetRoutes.js","statementMap":{"0":{"start":{"line":1,"column":16},"end":{"line":1,"column":34}},"1":{"start":{"line":2,"column":15},"end":{"line":2,"column":31}},"2":{"start":{"line":6,"column":4},"end":{"line":6,"column":46}},"3":{"start":{"line":8,"column":0},"end":{"line":8,"column":54}},"4":{"start":{"line":9,"column":0},"end":{"line":9,"column":53}},"5":{"start":{"line":11,"column":0},"end":{"line":11,"column":24}}},"fnMap":{},"branchMap":{},"s":{"0":8,"1":8,"2":8,"3":8,"4":8,"5":8},"f":{},"b":{},"_coverageSchema":"1a1c01bbd47fc00a2c39e90264f33305004495a9","hash":"7de146f0310dc189c90db7602dd385c0ef90890a"}
,"C:\\Users\\danie\\Desktop\\Final Project\\Code\\VetPet\\backend\\src\\config\\db.js": {"path":"C:\\Users\\danie\\Desktop\\Final Project\\Code\\VetPet\\backend\\src\\config\\db.js","statementMap":{"0":{"start":{"line":1,"column":17},"end":{"line":1,"column":30}},"1":{"start":{"line":11,"column":17},"end":{"line":26,"column":1}},"2":{"start":{"line":31,"column":13},"end":{"line":31,"column":36}},"3":{"start":{"line":33,"column":0},"end":{"line":33,"column":22}}},"fnMap":{},"branchMap":{},"s":{"0":10,"1":10,"2":10,"3":10},"f":{},"b":{},"_coverageSchema":"1a1c01bbd47fc00a2c39e90264f33305004495a9","hash":"639df1e819339e29cba7b339c14e5067cb7dafe9"}
,"C:\\Users\\danie\\Desktop\\Final Project\\Code\\VetPet\\backend\\src\\config\\paypalClient.js": {"path":"C:\\Users\\danie\\Desktop\\Final Project\\Code\\VetPet\\backend\\src\\config\\paypalClient.js","statementMap":{"0":{"start":{"line":1,"column":26},"end":{"line":1,"column":64}},"1":{"start":{"line":3,"column":15},"end":{"line":3,"column":43}},"2":{"start":{"line":4,"column":19},"end":{"line":4,"column":51}},"3":{"start":{"line":6,"column":20},"end":{"line":9,"column":1}},"4":{"start":{"line":10,"column":15},"end":{"line":10,"column":71}},"5":{"start":{"line":12,"column":0},"end":{"line":12,"column":28}}},"fnMap":{},"branchMap":{},"s":{"0":8,"1":8,"2":8,"3":8,"4":8,"5":8},"f":{},"b":{},"_coverageSchema":"1a1c01bbd47fc00a2c39e90264f33305004495a9","hash":"36ddd434b9caea71cc1c12b7949fe7e91f9be578"}
,"C:\\Users\\danie\\Desktop\\Final Project\\Code\\VetPet\\backend\\src\\config\\stripeClient.js": {"path":"C:\\Users\\danie\\Desktop\\Final Project\\Code\\VetPet\\backend\\src\\config\\stripeClient.js","statementMap":{"0":{"start":{"line":1,"column":15},"end":{"line":1,"column":32}},"1":{"start":{"line":2,"column":15},"end":{"line":2,"column":52}},"2":{"start":{"line":4,"column":0},"end":{"line":4,"column":28}}},"fnMap":{},"branchMap":{},"s":{"0":8,"1":8,"2":8},"f":{},"b":{},"_coverageSchema":"1a1c01bbd47fc00a2c39e90264f33305004495a9","hash":"b44f2b1c2bea4b50092af020d3935a9122308e20"}
,"C:\\Users\\danie\\Desktop\\Final Project\\Code\\VetPet\\backend\\src\\controllers\\appointmentsController.js": {"path":"C:\\Users\\danie\\Desktop\\Final Project\\Code\\VetPet\\backend\\src\\controllers\\appointmentsController.js","statementMap":{"0":{"start":{"line":1,"column":13},"end":{"line":1,"column":36}},"1":{"start":{"line":2,"column":15},"end":{"line":2,"column":41}},"2":{"start":{"line":106,"column":42},"end":{"line":146,"column":1}},"3":{"start":{"line":107,"column":24},"end":{"line":107,"column":56}},"4":{"start":{"line":108,"column":2},"end":{"line":145,"column":3}},"5":{"start":{"line":109,"column":30},"end":{"line":111,"column":5}},"6":{"start":{"line":113,"column":25},"end":{"line":113,"column":78}},"7":{"start":{"line":114,"column":27},"end":{"line":123,"column":5}},"8":{"start":{"line":210,"column":28},"end":{"line":227,"column":1}},"9":{"start":{"line":211,"column":2},"end":{"line":226,"column":3}},"10":{"start":{"line":212,"column":19},"end":{"line":212,"column":71}},"11":{"start":{"line":220,"column":4},"end":{"line":220,"column":26}},"12":{"start":{"line":229,"column":38},"end":{"line":259,"column":1}},"13":{"start":{"line":230,"column":16},"end":{"line":230,"column":47}},"14":{"start":{"line":231,"column":14},"end":{"line":231,"column":52}},"15":{"start":{"line":233,"column":2},"end":{"line":258,"column":3}},"16":{"start":{"line":234,"column":19},"end":{"line":237,"column":5}},"17":{"start":{"line":238,"column":4},"end":{"line":252,"column":5}},"18":{"start":{"line":239,"column":36},"end":{"line":248,"column":8}},"19":{"start":{"line":240,"column":34},"end":{"line":242,"column":9}},"20":{"start":{"line":243,"column":8},"end":{"line":247,"column":10}},"21":{"start":{"line":249,"column":6},"end":{"line":249,"column":50}},"22":{"start":{"line":251,"column":6},"end":{"line":251,"column":67}},"23":{"start":{"line":261,"column":36},"end":{"line":291,"column":1}},"24":{"start":{"line":262,"column":16},"end":{"line":262,"column":47}},"25":{"start":{"line":263,"column":14},"end":{"line":263,"column":52}},"26":{"start":{"line":265,"column":2},"end":{"line":290,"column":3}},"27":{"start":{"line":266,"column":19},"end":{"line":269,"column":5}},"28":{"start":{"line":270,"column":4},"end":{"line":284,"column":5}},"29":{"start":{"line":271,"column":36},"end":{"line":280,"column":8}},"30":{"start":{"line":272,"column":34},"end":{"line":274,"column":9}},"31":{"start":{"line":275,"column":8},"end":{"line":279,"column":10}},"32":{"start":{"line":281,"column":6},"end":{"line":281,"column":50}},"33":{"start":{"line":283,"column":6},"end":{"line":283,"column":68}},"34":{"start":{"line":293,"column":40},"end":{"line":327,"column":1}},"35":{"start":{"line":294,"column":18},"end":{"line":294,"column":45}},"36":{"start":{"line":295,"column":14},"end":{"line":295,"column":43}},"37":{"start":{"line":297,"column":2},"end":{"line":326,"column":3}},"38":{"start":{"line":298,"column":19},"end":{"line":304,"column":5}},"39":{"start":{"line":305,"column":4},"end":{"line":320,"column":5}},"40":{"start":{"line":306,"column":36},"end":{"line":316,"column":8}},"41":{"start":{"line":307,"column":34},"end":{"line":309,"column":9}},"42":{"start":{"line":310,"column":8},"end":{"line":315,"column":10}},"43":{"start":{"line":317,"column":6},"end":{"line":317,"column":50}},"44":{"start":{"line":319,"column":6},"end":{"line":319,"column":67}},"45":{"start":{"line":329,"column":38},"end":{"line":363,"column":1}},"46":{"start":{"line":330,"column":18},"end":{"line":330,"column":45}},"47":{"start":{"line":331,"column":14},"end":{"line":331,"column":43}},"48":{"start":{"line":333,"column":2},"end":{"line":362,"column":3}},"49":{"start":{"line":334,"column":19},"end":{"line":340,"column":5}},"50":{"start":{"line":341,"column":4},"end":{"line":356,"column":5}},"51":{"start":{"line":342,"column":36},"end":{"line":352,"column":8}},"52":{"start":{"line":343,"column":34},"end":{"line":345,"column":9}},"53":{"start":{"line":346,"column":8},"end":{"line":351,"column":10}},"54":{"start":{"line":353,"column":6},"end":{"line":353,"column":50}},"55":{"start":{"line":355,"column":6},"end":{"line":355,"column":68}},"56":{"start":{"line":741,"column":25},"end":{"line":741,"column":73}},"57":{"start":{"line":742,"column":2},"end":{"line":745,"column":4}},"58":{"start":{"line":748,"column":0},"end":{"line":763,"column":2}}},"fnMap":{"0":{"name":"(anonymous_0)","decl":{"start":{"line":106,"column":42},"end":{"line":106,"column":43}},"loc":{"start":{"line":106,"column":62},"end":{"line":146,"column":1}},"line":106},"1":{"name":"(anonymous_1)","decl":{"start":{"line":210,"column":28},"end":{"line":210,"column":29}},"loc":{"start":{"line":210,"column":48},"end":{"line":227,"column":1}},"line":210},"2":{"name":"(anonymous_2)","decl":{"start":{"line":229,"column":38},"end":{"line":229,"column":39}},"loc":{"start":{"line":229,"column":58},"end":{"line":259,"column":1}},"line":229},"3":{"name":"(anonymous_3)","decl":{"start":{"line":239,"column":52},"end":{"line":239,"column":53}},"loc":{"start":{"line":239,"column":69},"end":{"line":248,"column":7}},"line":239},"4":{"name":"(anonymous_4)","decl":{"start":{"line":261,"column":36},"end":{"line":261,"column":37}},"loc":{"start":{"line":261,"column":56},"end":{"line":291,"column":1}},"line":261},"5":{"name":"(anonymous_5)","decl":{"start":{"line":271,"column":52},"end":{"line":271,"column":53}},"loc":{"start":{"line":271,"column":69},"end":{"line":280,"column":7}},"line":271},"6":{"name":"(anonymous_6)","decl":{"start":{"line":293,"column":40},"end":{"line":293,"column":41}},"loc":{"start":{"line":293,"column":60},"end":{"line":327,"column":1}},"line":293},"7":{"name":"(anonymous_7)","decl":{"start":{"line":306,"column":52},"end":{"line":306,"column":53}},"loc":{"start":{"line":306,"column":69},"end":{"line":316,"column":7}},"line":306},"8":{"name":"(anonymous_8)","decl":{"start":{"line":329,"column":38},"end":{"line":329,"column":39}},"loc":{"start":{"line":329,"column":58},"end":{"line":363,"column":1}},"line":329},"9":{"name":"(anonymous_9)","decl":{"start":{"line":342,"column":52},"end":{"line":342,"column":53}},"loc":{"start":{"line":342,"column":69},"end":{"line":352,"column":7}},"line":342},"10":{"name":"formatAppointmentDateTime1","decl":{"start":{"line":740,"column":9},"end":{"line":740,"column":35}},"loc":{"start":{"line":740,"column":47},"end":{"line":746,"column":1}},"line":740}},"branchMap":{"0":{"loc":{"start":{"line":238,"column":4},"end":{"line":252,"column":5}},"type":"if","locations":[{"start":{"line":238,"column":4},"end":{"line":252,"column":5}},{"start":{"line":250,"column":11},"end":{"line":252,"column":5}}],"line":238},"1":{"loc":{"start":{"line":270,"column":4},"end":{"line":284,"column":5}},"type":"if","locations":[{"start":{"line":270,"column":4},"end":{"line":284,"column":5}},{"start":{"line":282,"column":11},"end":{"line":284,"column":5}}],"line":270},"2":{"loc":{"start":{"line":305,"column":4},"end":{"line":320,"column":5}},"type":"if","locations":[{"start":{"line":305,"column":4},"end":{"line":320,"column":5}},{"start":{"line":318,"column":11},"end":{"line":320,"column":5}}],"line":305},"3":{"loc":{"start":{"line":341,"column":4},"end":{"line":356,"column":5}},"type":"if","locations":[{"start":{"line":341,"column":4},"end":{"line":356,"column":5}},{"start":{"line":354,"column":11},"end":{"line":356,"column":5}}],"line":341}},"s":{"0":9,"1":9,"2":9,"3":1,"4":1,"5":1,"6":1,"7":1,"8":9,"9":1,"10":1,"11":1,"12":9,"13":2,"14":2,"15":2,"16":2,"17":2,"18":1,"19":30,"20":30,"21":1,"22":1,"23":9,"24":2,"25":2,"26":2,"27":2,"28":2,"29":1,"30":1,"31":1,"32":1,"33":1,"34":9,"35":2,"36":2,"37":2,"38":2,"39":2,"40":1,"41":33,"42":33,"43":1,"44":1,"45":9,"46":2,"47":2,"48":2,"49":2,"50":2,"51":1,"52":1,"53":1,"54":1,"55":1,"56":65,"57":65,"58":9},"f":{"0":1,"1":1,"2":2,"3":30,"4":2,"5":1,"6":2,"7":33,"8":2,"9":1,"10":65},"b":{"0":[1,1],"1":[1,1],"2":[1,1],"3":[1,1]},"_coverageSchema":"1a1c01bbd47fc00a2c39e90264f33305004495a9","hash":"65e9c55b34176bc94f75779c9550a6f58facb699"}
,"C:\\Users\\danie\\Desktop\\Final Project\\Code\\VetPet\\backend\\src\\controllers\\medicalTestsResultsController.js": {"path":"C:\\Users\\danie\\Desktop\\Final Project\\Code\\VetPet\\backend\\src\\controllers\\medicalTestsResultsController.js","statementMap":{"0":{"start":{"line":1,"column":13},"end":{"line":1,"column":36}},"1":{"start":{"line":2,"column":15},"end":{"line":2,"column":41}},"2":{"start":{"line":196,"column":0},"end":{"line":200,"column":2}}},"fnMap":{},"branchMap":{},"s":{"0":8,"1":8,"2":8},"f":{},"b":{},"_coverageSchema":"1a1c01bbd47fc00a2c39e90264f33305004495a9","hash":"fdf630a1221391208316a69973660d0ff1aa7bad"}
,"C:\\Users\\danie\\Desktop\\Final Project\\Code\\VetPet\\backend\\src\\controllers\\notificationsCountController.js": {"path":"C:\\Users\\danie\\Desktop\\Final Project\\Code\\VetPet\\backend\\src\\controllers\\notificationsCountController.js","statementMap":{"0":{"start":{"line":1,"column":37},"end":{"line":1,"column":67}},"1":{"start":{"line":4,"column":4},"end":{"line":4,"column":39}},"2":{"start":{"line":9,"column":4},"end":{"line":9,"column":31}},"3":{"start":{"line":11,"column":35},"end":{"line":88,"column":1}},"4":{"start":{"line":12,"column":2},"end":{"line":87,"column":3}},"5":{"start":{"line":13,"column":20},"end":{"line":13,"column":47}},"6":{"start":{"line":22,"column":24},"end":{"line":28,"column":5}},"7":{"start":{"line":23,"column":25},"end":{"line":27,"column":7}},"8":{"start":{"line":25,"column":10},"end":{"line":25,"column":30}},"9":{"start":{"line":30,"column":4},"end":{"line":30,"column":45}},"10":{"start":{"line":32,"column":4},"end":{"line":34,"column":5}},"11":{"start":{"line":33,"column":6},"end":{"line":33,"column":80}},"12":{"start":{"line":36,"column":21},"end":{"line":36,"column":22}},"13":{"start":{"line":40,"column":6},"end":{"line":40,"column":66}},"14":{"start":{"line":41,"column":4},"end":{"line":41,"column":58}},"15":{"start":{"line":42,"column":30},"end":{"line":42,"column":78}},"16":{"start":{"line":43,"column":4},"end":{"line":43,"column":63}},"17":{"start":{"line":45,"column":4},"end":{"line":74,"column":5}},"18":{"start":{"line":46,"column":6},"end":{"line":46,"column":33}},"19":{"start":{"line":50,"column":29},"end":{"line":56,"column":7}},"20":{"start":{"line":51,"column":27},"end":{"line":55,"column":9}},"21":{"start":{"line":53,"column":12},"end":{"line":53,"column":39}},"22":{"start":{"line":57,"column":6},"end":{"line":57,"column":55}},"23":{"start":{"line":76,"column":4},"end":{"line":76,"column":56}},"24":{"start":{"line":78,"column":4},"end":{"line":78,"column":58}},"25":{"start":{"line":79,"column":4},"end":{"line":79,"column":48}},"26":{"start":{"line":90,"column":28},"end":{"line":104,"column":1}},"27":{"start":{"line":92,"column":18},"end":{"line":98,"column":3}},"28":{"start":{"line":93,"column":23},"end":{"line":97,"column":5}},"29":{"start":{"line":95,"column":8},"end":{"line":95,"column":28}},"30":{"start":{"line":100,"column":2},"end":{"line":100,"column":38}},"31":{"start":{"line":106,"column":38},"end":{"line":111,"column":1}},"32":{"start":{"line":107,"column":14},"end":{"line":109,"column":3}},"33":{"start":{"line":110,"column":2},"end":{"line":110,"column":66}},"34":{"start":{"line":113,"column":54},"end":{"line":119,"column":1}},"35":{"start":{"line":114,"column":14},"end":{"line":114,"column":41}},"36":{"start":{"line":115,"column":2},"end":{"line":118,"column":4}},"37":{"start":{"line":121,"column":42},"end":{"line":133,"column":1}},"38":{"start":{"line":122,"column":14},"end":{"line":122,"column":41}},"39":{"start":{"line":124,"column":18},"end":{"line":130,"column":3}},"40":{"start":{"line":125,"column":23},"end":{"line":129,"column":5}},"41":{"start":{"line":127,"column":8},"end":{"line":127,"column":44}},"42":{"start":{"line":131,"column":2},"end":{"line":131,"column":51}},"43":{"start":{"line":132,"column":2},"end":{"line":132,"column":31}},"44":{"start":{"line":135,"column":0},"end":{"line":140,"column":2}}},"fnMap":{"0":{"name":"(anonymous_0)","decl":{"start":{"line":11,"column":35},"end":{"line":11,"column":36}},"loc":{"start":{"line":11,"column":55},"end":{"line":88,"column":1}},"line":11},"1":{"name":"(anonymous_1)","decl":{"start":{"line":23,"column":14},"end":{"line":23,"column":15}},"loc":{"start":{"line":23,"column":25},"end":{"line":27,"column":7}},"line":23},"2":{"name":"(anonymous_2)","decl":{"start":{"line":24,"column":14},"end":{"line":24,"column":15}},"loc":{"start":{"line":24,"column":24},"end":{"line":26,"column":9}},"line":24},"3":{"name":"(anonymous_3)","decl":{"start":{"line":51,"column":16},"end":{"line":51,"column":17}},"loc":{"start":{"line":51,"column":27},"end":{"line":55,"column":9}},"line":51},"4":{"name":"(anonymous_4)","decl":{"start":{"line":52,"column":16},"end":{"line":52,"column":17}},"loc":{"start":{"line":52,"column":26},"end":{"line":54,"column":11}},"line":52},"5":{"name":"(anonymous_5)","decl":{"start":{"line":90,"column":28},"end":{"line":90,"column":29}},"loc":{"start":{"line":90,"column":60},"end":{"line":104,"column":1}},"line":90},"6":{"name":"(anonymous_6)","decl":{"start":{"line":93,"column":12},"end":{"line":93,"column":13}},"loc":{"start":{"line":93,"column":23},"end":{"line":97,"column":5}},"line":93},"7":{"name":"(anonymous_7)","decl":{"start":{"line":94,"column":12},"end":{"line":94,"column":13}},"loc":{"start":{"line":94,"column":22},"end":{"line":96,"column":7}},"line":94},"8":{"name":"(anonymous_8)","decl":{"start":{"line":106,"column":38},"end":{"line":106,"column":39}},"loc":{"start":{"line":106,"column":73},"end":{"line":111,"column":1}},"line":106},"9":{"name":"(anonymous_9)","decl":{"start":{"line":113,"column":54},"end":{"line":113,"column":55}},"loc":{"start":{"line":113,"column":73},"end":{"line":119,"column":1}},"line":113},"10":{"name":"(anonymous_10)","decl":{"start":{"line":121,"column":42},"end":{"line":121,"column":43}},"loc":{"start":{"line":121,"column":61},"end":{"line":133,"column":1}},"line":121},"11":{"name":"(anonymous_11)","decl":{"start":{"line":125,"column":12},"end":{"line":125,"column":13}},"loc":{"start":{"line":125,"column":23},"end":{"line":129,"column":5}},"line":125},"12":{"name":"(anonymous_12)","decl":{"start":{"line":126,"column":12},"end":{"line":126,"column":13}},"loc":{"start":{"line":126,"column":22},"end":{"line":128,"column":7}},"line":126}},"branchMap":{"0":{"loc":{"start":{"line":32,"column":4},"end":{"line":34,"column":5}},"type":"if","locations":[{"start":{"line":32,"column":4},"end":{"line":34,"column":5}},{"start":{},"end":{}}],"line":32},"1":{"loc":{"start":{"line":32,"column":8},"end":{"line":32,"column":65}},"type":"binary-expr","locations":[{"start":{"line":32,"column":8},"end":{"line":32,"column":36}},{"start":{"line":32,"column":40},"end":{"line":32,"column":65}}],"line":32}},"s":{"0":9,"1":9,"2":9,"3":9,"4":2,"5":2,"6":2,"7":2,"8":2,"9":2,"10":2,"11":1,"12":1,"13":1,"14":1,"15":1,"16":1,"17":1,"18":1,"19":1,"20":1,"21":1,"22":1,"23":1,"24":1,"25":1,"26":9,"27":2,"28":2,"29":2,"30":2,"31":9,"32":1,"33":1,"34":9,"35":1,"36":1,"37":9,"38":1,"39":1,"40":1,"41":1,"42":1,"43":1,"44":9},"f":{"0":2,"1":2,"2":2,"3":1,"4":1,"5":2,"6":2,"7":2,"8":1,"9":1,"10":1,"11":1,"12":1},"b":{"0":[1,1],"1":[2,1]},"_coverageSchema":"1a1c01bbd47fc00a2c39e90264f33305004495a9","hash":"26bd4942dd227afcbd06b6bababc96298762f71d"}
,"C:\\Users\\danie\\Desktop\\Final Project\\Code\\VetPet\\backend\\src\\controllers\\ownersController.js": {"path":"C:\\Users\\danie\\Desktop\\Final Project\\Code\\VetPet\\backend\\src\\controllers\\ownersController.js","statementMap":{"0":{"start":{"line":1,"column":13},"end":{"line":1,"column":36}},"1":{"start":{"line":2,"column":15},"end":{"line":2,"column":32}},"2":{"start":{"line":15,"column":26},"end":{"line":66,"column":1}},"3":{"start":{"line":16,"column":18},"end":{"line":16,"column":45}},"4":{"start":{"line":18,"column":2},"end":{"line":22,"column":3}},"5":{"start":{"line":19,"column":4},"end":{"line":21,"column":61}},"6":{"start":{"line":24,"column":18},"end":{"line":24,"column":26}},"7":{"start":{"line":26,"column":21},"end":{"line":26,"column":23}},"8":{"start":{"line":27,"column":21},"end":{"line":27,"column":23}},"9":{"start":{"line":28,"column":14},"end":{"line":28,"column":15}},"10":{"start":{"line":30,"column":2},"end":{"line":37,"column":3}},"11":{"start":{"line":42,"column":2},"end":{"line":42,"column":29}},"12":{"start":{"line":44,"column":22},"end":{"line":49,"column":3}},"13":{"start":{"line":51,"column":2},"end":{"line":65,"column":3}},"14":{"start":{"line":52,"column":24},"end":{"line":52,"column":67}},"15":{"start":{"line":53,"column":4},"end":{"line":55,"column":5}},"16":{"start":{"line":54,"column":6},"end":{"line":54,"column":59}},"17":{"start":{"line":56,"column":4},"end":{"line":59,"column":7}},"18":{"start":{"line":68,"column":24},"end":{"line":87,"column":1}},"19":{"start":{"line":69,"column":18},"end":{"line":69,"column":31}},"20":{"start":{"line":70,"column":2},"end":{"line":70,"column":23}},"21":{"start":{"line":72,"column":2},"end":{"line":86,"column":3}},"22":{"start":{"line":73,"column":25},"end":{"line":76,"column":5}},"23":{"start":{"line":77,"column":4},"end":{"line":79,"column":5}},"24":{"start":{"line":78,"column":6},"end":{"line":78,"column":59}},"25":{"start":{"line":80,"column":4},"end":{"line":80,"column":35}},"26":{"start":{"line":89,"column":32},"end":{"line":134,"column":1}},"27":{"start":{"line":90,"column":18},"end":{"line":90,"column":45}},"28":{"start":{"line":103,"column":2},"end":{"line":133,"column":3}},"29":{"start":{"line":104,"column":25},"end":{"line":110,"column":5}},"30":{"start":{"line":112,"column":4},"end":{"line":116,"column":5}},"31":{"start":{"line":113,"column":6},"end":{"line":115,"column":67}},"32":{"start":{"line":118,"column":34},"end":{"line":121,"column":7}},"33":{"start":{"line":118,"column":74},"end":{"line":121,"column":5}},"34":{"start":{"line":136,"column":0},"end":{"line":141,"column":2}}},"fnMap":{"0":{"name":"(anonymous_0)","decl":{"start":{"line":15,"column":26},"end":{"line":15,"column":27}},"loc":{"start":{"line":15,"column":46},"end":{"line":66,"column":1}},"line":15},"1":{"name":"(anonymous_1)","decl":{"start":{"line":68,"column":24},"end":{"line":68,"column":25}},"loc":{"start":{"line":68,"column":44},"end":{"line":87,"column":1}},"line":68},"2":{"name":"(anonymous_2)","decl":{"start":{"line":89,"column":32},"end":{"line":89,"column":33}},"loc":{"start":{"line":89,"column":52},"end":{"line":134,"column":1}},"line":89},"3":{"name":"(anonymous_3)","decl":{"start":{"line":118,"column":56},"end":{"line":118,"column":57}},"loc":{"start":{"line":118,"column":74},"end":{"line":121,"column":5}},"line":118}},"branchMap":{"0":{"loc":{"start":{"line":18,"column":2},"end":{"line":22,"column":3}},"type":"if","locations":[{"start":{"line":18,"column":2},"end":{"line":22,"column":3}},{"start":{},"end":{}}],"line":18},"1":{"loc":{"start":{"line":53,"column":4},"end":{"line":55,"column":5}},"type":"if","locations":[{"start":{"line":53,"column":4},"end":{"line":55,"column":5}},{"start":{},"end":{}}],"line":53},"2":{"loc":{"start":{"line":77,"column":4},"end":{"line":79,"column":5}},"type":"if","locations":[{"start":{"line":77,"column":4},"end":{"line":79,"column":5}},{"start":{},"end":{}}],"line":77},"3":{"loc":{"start":{"line":112,"column":4},"end":{"line":116,"column":5}},"type":"if","locations":[{"start":{"line":112,"column":4},"end":{"line":116,"column":5}},{"start":{},"end":{}}],"line":112}},"s":{"0":8,"1":8,"2":8,"3":3,"4":3,"5":1,"6":2,"7":2,"8":2,"9":2,"10":2,"11":2,"12":2,"13":2,"14":2,"15":2,"16":1,"17":1,"18":8,"19":2,"20":2,"21":2,"22":2,"23":2,"24":1,"25":1,"26":8,"27":2,"28":2,"29":2,"30":2,"31":1,"32":1,"33":7,"34":8},"f":{"0":3,"1":2,"2":2,"3":7},"b":{"0":[1,2],"1":[1,1],"2":[1,1],"3":[1,1]},"_coverageSchema":"1a1c01bbd47fc00a2c39e90264f33305004495a9","hash":"05948dfec9c8236262288e5f9944700bfb86aee8"}
,"C:\\Users\\danie\\Desktop\\Final Project\\Code\\VetPet\\backend\\src\\controllers\\petsController.js": {"path":"C:\\Users\\danie\\Desktop\\Final Project\\Code\\VetPet\\backend\\src\\controllers\\petsController.js","statementMap":{"0":{"start":{"line":1,"column":13},"end":{"line":1,"column":36}},"1":{"start":{"line":2,"column":15},"end":{"line":2,"column":41}},"2":{"start":{"line":67,"column":25},"end":{"line":99,"column":1}},"3":{"start":{"line":68,"column":18},"end":{"line":68,"column":45}},"4":{"start":{"line":70,"column":2},"end":{"line":74,"column":3}},"5":{"start":{"line":71,"column":4},"end":{"line":73,"column":61}},"6":{"start":{"line":76,"column":2},"end":{"line":98,"column":3}},"7":{"start":{"line":77,"column":17},"end":{"line":80,"column":5}},"8":{"start":{"line":101,"column":30},"end":{"line":144,"column":1}},"9":{"start":{"line":102,"column":16},"end":{"line":102,"column":47}},"10":{"start":{"line":104,"column":2},"end":{"line":108,"column":3}},"11":{"start":{"line":105,"column":4},"end":{"line":107,"column":61}},"12":{"start":{"line":110,"column":2},"end":{"line":143,"column":3}},"13":{"start":{"line":111,"column":17},"end":{"line":115,"column":5}},"14":{"start":{"line":209,"column":0},"end":{"line":215,"column":2}}},"fnMap":{"0":{"name":"(anonymous_0)","decl":{"start":{"line":67,"column":25},"end":{"line":67,"column":26}},"loc":{"start":{"line":67,"column":45},"end":{"line":99,"column":1}},"line":67},"1":{"name":"(anonymous_1)","decl":{"start":{"line":101,"column":30},"end":{"line":101,"column":31}},"loc":{"start":{"line":101,"column":50},"end":{"line":144,"column":1}},"line":101}},"branchMap":{"0":{"loc":{"start":{"line":70,"column":2},"end":{"line":74,"column":3}},"type":"if","locations":[{"start":{"line":70,"column":2},"end":{"line":74,"column":3}},{"start":{},"end":{}}],"line":70},"1":{"loc":{"start":{"line":104,"column":2},"end":{"line":108,"column":3}},"type":"if","locations":[{"start":{"line":104,"column":2},"end":{"line":108,"column":3}},{"start":{},"end":{}}],"line":104}},"s":{"0":9,"1":9,"2":9,"3":2,"4":2,"5":1,"6":1,"7":1,"8":9,"9":2,"10":2,"11":1,"12":1,"13":1,"14":9},"f":{"0":2,"1":2},"b":{"0":[1,1],"1":[1,1]},"_coverageSchema":"1a1c01bbd47fc00a2c39e90264f33305004495a9","hash":"c5ba3c34bd9003e95f2b42195fcec6984c455b7e"}
,"C:\\Users\\danie\\Desktop\\Final Project\\Code\\VetPet\\backend\\src\\controllers\\prescriptionsController.js": {"path":"C:\\Users\\danie\\Desktop\\Final Project\\Code\\VetPet\\backend\\src\\controllers\\prescriptionsController.js","statementMap":{"0":{"start":{"line":1,"column":13},"end":{"line":1,"column":36}},"1":{"start":{"line":2,"column":15},"end":{"line":2,"column":41}},"2":{"start":{"line":4,"column":19},"end":{"line":18,"column":1}},"3":{"start":{"line":5,"column":17},"end":{"line":8,"column":3}},"4":{"start":{"line":10,"column":2},"end":{"line":12,"column":3}},"5":{"start":{"line":11,"column":4},"end":{"line":11,"column":37}},"6":{"start":{"line":14,"column":14},"end":{"line":14,"column":28}},"7":{"start":{"line":15,"column":14},"end":{"line":15,"column":78}},"8":{"start":{"line":17,"column":2},"end":{"line":17,"column":25}},"9":{"start":{"line":20,"column":25},"end":{"line":44,"column":1}},"10":{"start":{"line":21,"column":17},"end":{"line":31,"column":3}},"11":{"start":{"line":33,"column":2},"end":{"line":36,"column":5}},"12":{"start":{"line":34,"column":4},"end":{"line":34,"column":67}},"13":{"start":{"line":35,"column":4},"end":{"line":35,"column":53}},"14":{"start":{"line":43,"column":2},"end":{"line":43,"column":21}},"15":{"start":{"line":46,"column":32},"end":{"line":54,"column":1}},"16":{"start":{"line":47,"column":2},"end":{"line":53,"column":6}},"17":{"start":{"line":47,"column":37},"end":{"line":53,"column":3}},"18":{"start":{"line":56,"column":31},"end":{"line":86,"column":1}},"19":{"start":{"line":57,"column":16},"end":{"line":57,"column":47}},"20":{"start":{"line":59,"column":2},"end":{"line":63,"column":3}},"21":{"start":{"line":60,"column":4},"end":{"line":62,"column":65}},"22":{"start":{"line":65,"column":2},"end":{"line":85,"column":3}},"23":{"start":{"line":66,"column":20},"end":{"line":66,"column":43}},"24":{"start":{"line":67,"column":26},"end":{"line":67,"column":55}},"25":{"start":{"line":68,"column":35},"end":{"line":71,"column":5}},"26":{"start":{"line":73,"column":4},"end":{"line":73,"column":56}},"27":{"start":{"line":75,"column":4},"end":{"line":75,"column":33}},"28":{"start":{"line":82,"column":4},"end":{"line":84,"column":78}},"29":{"start":{"line":88,"column":0},"end":{"line":88,"column":44}}},"fnMap":{"0":{"name":"(anonymous_0)","decl":{"start":{"line":4,"column":19},"end":{"line":4,"column":20}},"loc":{"start":{"line":4,"column":36},"end":{"line":18,"column":1}},"line":4},"1":{"name":"(anonymous_1)","decl":{"start":{"line":20,"column":25},"end":{"line":20,"column":26}},"loc":{"start":{"line":20,"column":42},"end":{"line":44,"column":1}},"line":20},"2":{"name":"(anonymous_2)","decl":{"start":{"line":33,"column":22},"end":{"line":33,"column":23}},"loc":{"start":{"line":33,"column":31},"end":{"line":36,"column":3}},"line":33},"3":{"name":"(anonymous_3)","decl":{"start":{"line":46,"column":32},"end":{"line":46,"column":33}},"loc":{"start":{"line":46,"column":56},"end":{"line":54,"column":1}},"line":46},"4":{"name":"(anonymous_4)","decl":{"start":{"line":47,"column":27},"end":{"line":47,"column":28}},"loc":{"start":{"line":47,"column":37},"end":{"line":53,"column":3}},"line":47},"5":{"name":"(anonymous_5)","decl":{"start":{"line":56,"column":31},"end":{"line":56,"column":32}},"loc":{"start":{"line":56,"column":51},"end":{"line":86,"column":1}},"line":56}},"branchMap":{"0":{"loc":{"start":{"line":10,"column":2},"end":{"line":12,"column":3}},"type":"if","locations":[{"start":{"line":10,"column":2},"end":{"line":12,"column":3}},{"start":{},"end":{}}],"line":10},"1":{"loc":{"start":{"line":59,"column":2},"end":{"line":63,"column":3}},"type":"if","locations":[{"start":{"line":59,"column":2},"end":{"line":63,"column":3}},{"start":{},"end":{}}],"line":59},"2":{"loc":{"start":{"line":59,"column":6},"end":{"line":59,"column":28}},"type":"binary-expr","locations":[{"start":{"line":59,"column":6},"end":{"line":59,"column":12}},{"start":{"line":59,"column":16},"end":{"line":59,"column":28}}],"line":59}},"s":{"0":8,"1":8,"2":8,"3":3,"4":3,"5":2,"6":1,"7":1,"8":1,"9":8,"10":1,"11":1,"12":3,"13":3,"14":1,"15":8,"16":1,"17":3,"18":8,"19":4,"20":4,"21":1,"22":3,"23":3,"24":1,"25":1,"26":1,"27":2,"28":2,"29":8},"f":{"0":3,"1":1,"2":3,"3":1,"4":3,"5":4},"b":{"0":[2,1],"1":[1,3],"2":[4,3]},"_coverageSchema":"1a1c01bbd47fc00a2c39e90264f33305004495a9","hash":"06d4725e1187235fa6adeb29f2273f1d5dc02304"}
,"C:\\Users\\danie\\Desktop\\Final Project\\Code\\VetPet\\backend\\src\\controllers\\recordsController.js": {"path":"C:\\Users\\danie\\Desktop\\Final Project\\Code\\VetPet\\backend\\src\\controllers\\recordsController.js","statementMap":{"0":{"start":{"line":1,"column":13},"end":{"line":1,"column":36}},"1":{"start":{"line":2,"column":15},"end":{"line":2,"column":41}},"2":{"start":{"line":4,"column":19},"end":{"line":151,"column":1}},"3":{"start":{"line":5,"column":16},"end":{"line":5,"column":47}},"4":{"start":{"line":7,"column":2},"end":{"line":9,"column":3}},"5":{"start":{"line":8,"column":4},"end":{"line":8,"column":75}},"6":{"start":{"line":18,"column":2},"end":{"line":150,"column":3}},"7":{"start":{"line":20,"column":22},"end":{"line":23,"column":5}},"8":{"start":{"line":25,"column":4},"end":{"line":27,"column":5}},"9":{"start":{"line":26,"column":6},"end":{"line":26,"column":71}},"10":{"start":{"line":29,"column":16},"end":{"line":29,"column":33}},"11":{"start":{"line":30,"column":20},"end":{"line":39,"column":5}},"12":{"start":{"line":42,"column":26},"end":{"line":50,"column":5}},"13":{"start":{"line":53,"column":20},"end":{"line":139,"column":5}},"14":{"start":{"line":55,"column":36},"end":{"line":61,"column":9}},"15":{"start":{"line":63,"column":30},"end":{"line":85,"column":11}},"16":{"start":{"line":63,"column":78},"end":{"line":85,"column":9}},"17":{"start":{"line":88,"column":25},"end":{"line":88,"column":27}},"18":{"start":{"line":89,"column":8},"end":{"line":114,"column":9}},"19":{"start":{"line":90,"column":35},"end":{"line":96,"column":11}},"20":{"start":{"line":98,"column":10},"end":{"line":113,"column":14}},"21":{"start":{"line":98,"column":65},"end":{"line":113,"column":11}},"22":{"start":{"line":116,"column":8},"end":{"line":137,"column":10}},"23":{"start":{"line":141,"column":4},"end":{"line":144,"column":7}},"24":{"start":{"line":153,"column":0},"end":{"line":153,"column":32}}},"fnMap":{"0":{"name":"(anonymous_0)","decl":{"start":{"line":4,"column":19},"end":{"line":4,"column":20}},"loc":{"start":{"line":4,"column":39},"end":{"line":151,"column":1}},"line":4},"1":{"name":"(anonymous_1)","decl":{"start":{"line":54,"column":29},"end":{"line":54,"column":30}},"loc":{"start":{"line":54,"column":47},"end":{"line":138,"column":7}},"line":54},"2":{"name":"(anonymous_2)","decl":{"start":{"line":63,"column":59},"end":{"line":63,"column":60}},"loc":{"start":{"line":63,"column":78},"end":{"line":85,"column":9}},"line":63},"3":{"name":"(anonymous_3)","decl":{"start":{"line":98,"column":49},"end":{"line":98,"column":50}},"loc":{"start":{"line":98,"column":65},"end":{"line":113,"column":11}},"line":98}},"branchMap":{"0":{"loc":{"start":{"line":7,"column":2},"end":{"line":9,"column":3}},"type":"if","locations":[{"start":{"line":7,"column":2},"end":{"line":9,"column":3}},{"start":{},"end":{}}],"line":7},"1":{"loc":{"start":{"line":25,"column":4},"end":{"line":27,"column":5}},"type":"if","locations":[{"start":{"line":25,"column":4},"end":{"line":27,"column":5}},{"start":{},"end":{}}],"line":25},"2":{"loc":{"start":{"line":89,"column":8},"end":{"line":114,"column":9}},"type":"if","locations":[{"start":{"line":89,"column":8},"end":{"line":114,"column":9}},{"start":{},"end":{}}],"line":89},"3":{"loc":{"start":{"line":103,"column":29},"end":{"line":105,"column":20}},"type":"cond-expr","locations":[{"start":{"line":104,"column":16},"end":{"line":104,"column":70}},{"start":{"line":105,"column":16},"end":{"line":105,"column":20}}],"line":103}},"s":{"0":8,"1":8,"2":8,"3":4,"4":4,"5":1,"6":3,"7":3,"8":3,"9":2,"10":1,"11":1,"12":1,"13":1,"14":28,"15":28,"16":3,"17":28,"18":28,"19":1,"20":1,"21":1,"22":28,"23":1,"24":8},"f":{"0":4,"1":28,"2":3,"3":1},"b":{"0":[1,3],"1":[2,1],"2":[1,27],"3":[1,0]},"_coverageSchema":"1a1c01bbd47fc00a2c39e90264f33305004495a9","hash":"5aef3903e8bc6ca43ec8ffe0dd761655499bb030"}
,"C:\\Users\\danie\\Desktop\\Final Project\\Code\\VetPet\\backend\\src\\controllers\\referencesController.js": {"path":"C:\\Users\\danie\\Desktop\\Final Project\\Code\\VetPet\\backend\\src\\controllers\\referencesController.js","statementMap":{"0":{"start":{"line":1,"column":13},"end":{"line":1,"column":36}},"1":{"start":{"line":2,"column":15},"end":{"line":2,"column":41}},"2":{"start":{"line":4,"column":19},"end":{"line":19,"column":1}},"3":{"start":{"line":5,"column":17},"end":{"line":8,"column":3}},"4":{"start":{"line":10,"column":2},"end":{"line":12,"column":3}},"5":{"start":{"line":11,"column":4},"end":{"line":11,"column":43}},"6":{"start":{"line":14,"column":14},"end":{"line":14,"column":28}},"7":{"start":{"line":15,"column":14},"end":{"line":15,"column":78}},"8":{"start":{"line":16,"column":2},"end":{"line":16,"column":65}},"9":{"start":{"line":18,"column":2},"end":{"line":18,"column":25}},"10":{"start":{"line":21,"column":22},"end":{"line":36,"column":1}},"11":{"start":{"line":22,"column":17},"end":{"line":29,"column":3}},"12":{"start":{"line":31,"column":2},"end":{"line":33,"column":3}},"13":{"start":{"line":32,"column":4},"end":{"line":32,"column":62}},"14":{"start":{"line":35,"column":2},"end":{"line":35,"column":21}},"15":{"start":{"line":38,"column":30},"end":{"line":60,"column":1}},"16":{"start":{"line":39,"column":2},"end":{"line":59,"column":5}},"17":{"start":{"line":40,"column":25},"end":{"line":44,"column":5}},"18":{"start":{"line":54,"column":4},"end":{"line":54,"column":41}},"19":{"start":{"line":55,"column":4},"end":{"line":55,"column":31}},"20":{"start":{"line":56,"column":4},"end":{"line":56,"column":34}},"21":{"start":{"line":57,"column":4},"end":{"line":57,"column":36}},"22":{"start":{"line":58,"column":4},"end":{"line":58,"column":24}},"23":{"start":{"line":62,"column":28},"end":{"line":91,"column":1}},"24":{"start":{"line":63,"column":16},"end":{"line":63,"column":47}},"25":{"start":{"line":65,"column":2},"end":{"line":69,"column":3}},"26":{"start":{"line":66,"column":4},"end":{"line":68,"column":65}},"27":{"start":{"line":71,"column":2},"end":{"line":90,"column":3}},"28":{"start":{"line":72,"column":20},"end":{"line":72,"column":43}},"29":{"start":{"line":73,"column":23},"end":{"line":73,"column":49}},"30":{"start":{"line":74,"column":32},"end":{"line":74,"column":65}},"31":{"start":{"line":76,"column":4},"end":{"line":78,"column":63}},"32":{"start":{"line":80,"column":4},"end":{"line":80,"column":33}},"33":{"start":{"line":87,"column":4},"end":{"line":89,"column":78}},"34":{"start":{"line":93,"column":0},"end":{"line":93,"column":41}}},"fnMap":{"0":{"name":"(anonymous_0)","decl":{"start":{"line":4,"column":19},"end":{"line":4,"column":20}},"loc":{"start":{"line":4,"column":36},"end":{"line":19,"column":1}},"line":4},"1":{"name":"(anonymous_1)","decl":{"start":{"line":21,"column":22},"end":{"line":21,"column":23}},"loc":{"start":{"line":21,"column":39},"end":{"line":36,"column":1}},"line":21},"2":{"name":"(anonymous_2)","decl":{"start":{"line":38,"column":30},"end":{"line":38,"column":31}},"loc":{"start":{"line":38,"column":46},"end":{"line":60,"column":1}},"line":38},"3":{"name":"(anonymous_3)","decl":{"start":{"line":39,"column":24},"end":{"line":39,"column":25}},"loc":{"start":{"line":39,"column":33},"end":{"line":59,"column":3}},"line":39},"4":{"name":"(anonymous_4)","decl":{"start":{"line":62,"column":28},"end":{"line":62,"column":29}},"loc":{"start":{"line":62,"column":48},"end":{"line":91,"column":1}},"line":62}},"branchMap":{"0":{"loc":{"start":{"line":10,"column":2},"end":{"line":12,"column":3}},"type":"if","locations":[{"start":{"line":10,"column":2},"end":{"line":12,"column":3}},{"start":{},"end":{}}],"line":10},"1":{"loc":{"start":{"line":31,"column":2},"end":{"line":33,"column":3}},"type":"if","locations":[{"start":{"line":31,"column":2},"end":{"line":33,"column":3}},{"start":{},"end":{}}],"line":31},"2":{"loc":{"start":{"line":65,"column":2},"end":{"line":69,"column":3}},"type":"if","locations":[{"start":{"line":65,"column":2},"end":{"line":69,"column":3}},{"start":{},"end":{}}],"line":65},"3":{"loc":{"start":{"line":65,"column":6},"end":{"line":65,"column":28}},"type":"binary-expr","locations":[{"start":{"line":65,"column":6},"end":{"line":65,"column":12}},{"start":{"line":65,"column":16},"end":{"line":65,"column":28}}],"line":65}},"s":{"0":8,"1":8,"2":8,"3":3,"4":3,"5":1,"6":2,"7":2,"8":2,"9":2,"10":8,"11":2,"12":2,"13":1,"14":1,"15":8,"16":1,"17":1,"18":1,"19":1,"20":1,"21":1,"22":1,"23":8,"24":4,"25":4,"26":1,"27":3,"28":3,"29":2,"30":1,"31":1,"32":2,"33":2,"34":8},"f":{"0":3,"1":2,"2":1,"3":1,"4":4},"b":{"0":[1,2],"1":[1,1],"2":[1,3],"3":[4,3]},"_coverageSchema":"1a1c01bbd47fc00a2c39e90264f33305004495a9","hash":"31d0d39e47aab8aa5242c1579773cce93c9853ee"}
,"C:\\Users\\danie\\Desktop\\Final Project\\Code\\VetPet\\backend\\src\\controllers\\vaccineController.js": {"path":"C:\\Users\\danie\\Desktop\\Final Project\\Code\\VetPet\\backend\\src\\controllers\\vaccineController.js","statementMap":{"0":{"start":{"line":1,"column":13},"end":{"line":1,"column":36}},"1":{"start":{"line":2,"column":15},"end":{"line":2,"column":41}},"2":{"start":{"line":4,"column":33},"end":{"line":80,"column":1}},"3":{"start":{"line":5,"column":16},"end":{"line":5,"column":47}},"4":{"start":{"line":6,"column":18},"end":{"line":6,"column":37}},"5":{"start":{"line":15,"column":2},"end":{"line":79,"column":3}},"6":{"start":{"line":16,"column":18},"end":{"line":26,"column":5}},"7":{"start":{"line":28,"column":19},"end":{"line":28,"column":51}},"8":{"start":{"line":29,"column":4},"end":{"line":33,"column":5}},"9":{"start":{"line":30,"column":6},"end":{"line":32,"column":66}},"10":{"start":{"line":35,"column":26},"end":{"line":41,"column":6}},"11":{"start":{"line":36,"column":28},"end":{"line":36,"column":58}},"12":{"start":{"line":37,"column":6},"end":{"line":40,"column":8}},"13":{"start":{"line":43,"column":36},"end":{"line":43,"column":69}},"14":{"start":{"line":49,"column":4},"end":{"line":67,"column":5}},"15":{"start":{"line":51,"column":8},"end":{"line":54,"column":10}},"16":{"start":{"line":55,"column":8},"end":{"line":55,"column":14}},"17":{"start":{"line":69,"column":4},"end":{"line":71,"column":61}},"18":{"start":{"line":101,"column":37},"end":{"line":173,"column":1}},"19":{"start":{"line":102,"column":37},"end":{"line":106,"column":3}},"20":{"start":{"line":108,"column":35},"end":{"line":112,"column":3}},"21":{"start":{"line":114,"column":38},"end":{"line":118,"column":3}},"22":{"start":{"line":129,"column":36},"end":{"line":133,"column":3}},"23":{"start":{"line":152,"column":24},"end":{"line":152,"column":26}},"24":{"start":{"line":175,"column":28},"end":{"line":220,"column":1}},"25":{"start":{"line":176,"column":27},"end":{"line":180,"column":3}},"26":{"start":{"line":177,"column":4},"end":{"line":179,"column":45}},"27":{"start":{"line":182,"column":2},"end":{"line":184,"column":4}},"28":{"start":{"line":183,"column":4},"end":{"line":183,"column":79}},"29":{"start":{"line":191,"column":22},"end":{"line":191,"column":41}},"30":{"start":{"line":193,"column":24},"end":{"line":195,"column":3}},"31":{"start":{"line":194,"column":15},"end":{"line":194,"column":56}},"32":{"start":{"line":201,"column":23},"end":{"line":201,"column":45}},"33":{"start":{"line":202,"column":22},"end":{"line":204,"column":19}},"34":{"start":{"line":206,"column":21},"end":{"line":206,"column":73}},"35":{"start":{"line":207,"column":14},"end":{"line":207,"column":58}},"36":{"start":{"line":209,"column":26},"end":{"line":209,"column":56}},"37":{"start":{"line":211,"column":22},"end":{"line":211,"column":42}},"38":{"start":{"line":213,"column":2},"end":{"line":218,"column":3}},"39":{"start":{"line":214,"column":4},"end":{"line":217,"column":6}},"40":{"start":{"line":219,"column":2},"end":{"line":219,"column":14}},"41":{"start":{"line":298,"column":20},"end":{"line":377,"column":1}},"42":{"start":{"line":299,"column":16},"end":{"line":299,"column":47}},"43":{"start":{"line":300,"column":22},"end":{"line":300,"column":44}},"44":{"start":{"line":309,"column":2},"end":{"line":376,"column":3}},"45":{"start":{"line":310,"column":18},"end":{"line":323,"column":5}},"46":{"start":{"line":325,"column":19},"end":{"line":325,"column":51}},"47":{"start":{"line":327,"column":4},"end":{"line":331,"column":5}},"48":{"start":{"line":328,"column":6},"end":{"line":330,"column":66}},"49":{"start":{"line":333,"column":26},"end":{"line":339,"column":6}},"50":{"start":{"line":334,"column":28},"end":{"line":334,"column":58}},"51":{"start":{"line":335,"column":6},"end":{"line":338,"column":8}},"52":{"start":{"line":342,"column":21},"end":{"line":342,"column":46}},"53":{"start":{"line":343,"column":29},"end":{"line":343,"column":63}},"54":{"start":{"line":344,"column":4},"end":{"line":362,"column":5}},"55":{"start":{"line":346,"column":8},"end":{"line":349,"column":10}},"56":{"start":{"line":350,"column":8},"end":{"line":350,"column":14}},"57":{"start":{"line":364,"column":32},"end":{"line":367,"column":5}},"58":{"start":{"line":368,"column":4},"end":{"line":368,"column":46}},"59":{"start":{"line":380,"column":25},"end":{"line":380,"column":73}},"60":{"start":{"line":381,"column":2},"end":{"line":384,"column":4}},"61":{"start":{"line":387,"column":29},"end":{"line":405,"column":1}},"62":{"start":{"line":388,"column":2},"end":{"line":404,"column":5}},"63":{"start":{"line":389,"column":22},"end":{"line":389,"column":76}},"64":{"start":{"line":390,"column":24},"end":{"line":392,"column":5}},"65":{"start":{"line":394,"column":21},"end":{"line":394,"column":57}},"66":{"start":{"line":395,"column":4},"end":{"line":395,"column":37}},"67":{"start":{"line":396,"column":22},"end":{"line":396,"column":59}},"68":{"start":{"line":398,"column":29},"end":{"line":398,"column":55}},"69":{"start":{"line":400,"column":4},"end":{"line":403,"column":6}},"70":{"start":{"line":453,"column":38},"end":{"line":511,"column":1}},"71":{"start":{"line":458,"column":16},"end":{"line":458,"column":45}},"72":{"start":{"line":461,"column":27},"end":{"line":463,"column":4}},"73":{"start":{"line":462,"column":4},"end":{"line":462,"column":78}},"74":{"start":{"line":462,"column":40},"end":{"line":462,"column":76}},"75":{"start":{"line":466,"column":2},"end":{"line":472,"column":5}},"76":{"start":{"line":467,"column":4},"end":{"line":471,"column":6}},"77":{"start":{"line":468,"column":6},"end":{"line":470,"column":7}},"78":{"start":{"line":475,"column":2},"end":{"line":498,"column":5}},"79":{"start":{"line":476,"column":24},"end":{"line":478,"column":5}},"80":{"start":{"line":479,"column":37},"end":{"line":479,"column":56}},"81":{"start":{"line":481,"column":22},"end":{"line":481,"column":67}},"82":{"start":{"line":482,"column":33},"end":{"line":485,"column":5}},"83":{"start":{"line":484,"column":8},"end":{"line":484,"column":75}},"84":{"start":{"line":501,"column":26},"end":{"line":508,"column":4}},"85":{"start":{"line":502,"column":29},"end":{"line":504,"column":67}},"86":{"start":{"line":504,"column":33},"end":{"line":504,"column":66}},"87":{"start":{"line":505,"column":4},"end":{"line":507,"column":16}},"88":{"start":{"line":510,"column":2},"end":{"line":510,"column":25}},"89":{"start":{"line":514,"column":2},"end":{"line":518,"column":4}},"90":{"start":{"line":517,"column":39},"end":{"line":517,"column":69}},"91":{"start":{"line":519,"column":2},"end":{"line":523,"column":4}},"92":{"start":{"line":522,"column":39},"end":{"line":522,"column":62}},"93":{"start":{"line":525,"column":2},"end":{"line":530,"column":4}},"94":{"start":{"line":528,"column":39},"end":{"line":528,"column":71}},"95":{"start":{"line":532,"column":2},"end":{"line":536,"column":4}},"96":{"start":{"line":535,"column":39},"end":{"line":535,"column":65}},"97":{"start":{"line":537,"column":2},"end":{"line":541,"column":4}},"98":{"start":{"line":540,"column":39},"end":{"line":540,"column":66}},"99":{"start":{"line":542,"column":2},"end":{"line":546,"column":4}},"100":{"start":{"line":545,"column":39},"end":{"line":545,"column":67}},"101":{"start":{"line":547,"column":2},"end":{"line":551,"column":4}},"102":{"start":{"line":550,"column":39},"end":{"line":550,"column":63}},"103":{"start":{"line":553,"column":2},"end":{"line":553,"column":22}},"104":{"start":{"line":579,"column":0},"end":{"line":582,"column":2}}},"fnMap":{"0":{"name":"(anonymous_0)","decl":{"start":{"line":4,"column":33},"end":{"line":4,"column":34}},"loc":{"start":{"line":4,"column":53},"end":{"line":80,"column":1}},"line":4},"1":{"name":"(anonymous_1)","decl":{"start":{"line":35,"column":42},"end":{"line":35,"column":43}},"loc":{"start":{"line":35,"column":51},"end":{"line":41,"column":5}},"line":35},"2":{"name":"(anonymous_2)","decl":{"start":{"line":101,"column":37},"end":{"line":101,"column":38}},"loc":{"start":{"line":101,"column":69},"end":{"line":173,"column":1}},"line":101},"3":{"name":"(anonymous_3)","decl":{"start":{"line":175,"column":28},"end":{"line":175,"column":29}},"loc":{"start":{"line":175,"column":73},"end":{"line":220,"column":1}},"line":175},"4":{"name":"(anonymous_4)","decl":{"start":{"line":176,"column":43},"end":{"line":176,"column":44}},"loc":{"start":{"line":177,"column":4},"end":{"line":179,"column":45}},"line":177},"5":{"name":"(anonymous_5)","decl":{"start":{"line":182,"column":24},"end":{"line":182,"column":25}},"loc":{"start":{"line":183,"column":4},"end":{"line":183,"column":79}},"line":183},"6":{"name":"(anonymous_6)","decl":{"start":{"line":194,"column":4},"end":{"line":194,"column":5}},"loc":{"start":{"line":194,"column":15},"end":{"line":194,"column":56}},"line":194},"7":{"name":"(anonymous_7)","decl":{"start":{"line":298,"column":20},"end":{"line":298,"column":21}},"loc":{"start":{"line":298,"column":40},"end":{"line":377,"column":1}},"line":298},"8":{"name":"(anonymous_8)","decl":{"start":{"line":333,"column":42},"end":{"line":333,"column":43}},"loc":{"start":{"line":333,"column":51},"end":{"line":339,"column":5}},"line":333},"9":{"name":"formatDateTime","decl":{"start":{"line":379,"column":9},"end":{"line":379,"column":23}},"loc":{"start":{"line":379,"column":35},"end":{"line":385,"column":1}},"line":379},"10":{"name":"(anonymous_10)","decl":{"start":{"line":387,"column":29},"end":{"line":387,"column":30}},"loc":{"start":{"line":387,"column":60},"end":{"line":405,"column":1}},"line":387},"11":{"name":"(anonymous_11)","decl":{"start":{"line":388,"column":26},"end":{"line":388,"column":27}},"loc":{"start":{"line":388,"column":43},"end":{"line":404,"column":3}},"line":388},"12":{"name":"(anonymous_12)","decl":{"start":{"line":453,"column":38},"end":{"line":453,"column":39}},"loc":{"start":{"line":457,"column":5},"end":{"line":511,"column":1}},"line":457},"13":{"name":"(anonymous_13)","decl":{"start":{"line":461,"column":44},"end":{"line":461,"column":45}},"loc":{"start":{"line":461,"column":61},"end":{"line":463,"column":3}},"line":461},"14":{"name":"(anonymous_14)","decl":{"start":{"line":462,"column":27},"end":{"line":462,"column":28}},"loc":{"start":{"line":462,"column":40},"end":{"line":462,"column":76}},"line":462},"15":{"name":"(anonymous_15)","decl":{"start":{"line":466,"column":27},"end":{"line":466,"column":28}},"loc":{"start":{"line":466,"column":44},"end":{"line":472,"column":3}},"line":466},"16":{"name":"(anonymous_16)","decl":{"start":{"line":467,"column":21},"end":{"line":467,"column":22}},"loc":{"start":{"line":468,"column":6},"end":{"line":470,"column":7}},"line":468},"17":{"name":"(anonymous_17)","decl":{"start":{"line":475,"column":30},"end":{"line":475,"column":31}},"loc":{"start":{"line":475,"column":50},"end":{"line":498,"column":3}},"line":475},"18":{"name":"(anonymous_18)","decl":{"start":{"line":483,"column":6},"end":{"line":483,"column":7}},"loc":{"start":{"line":484,"column":8},"end":{"line":484,"column":75}},"line":484},"19":{"name":"(anonymous_19)","decl":{"start":{"line":501,"column":39},"end":{"line":501,"column":40}},"loc":{"start":{"line":501,"column":52},"end":{"line":508,"column":3}},"line":501},"20":{"name":"(anonymous_20)","decl":{"start":{"line":504,"column":12},"end":{"line":504,"column":13}},"loc":{"start":{"line":504,"column":33},"end":{"line":504,"column":66}},"line":504},"21":{"name":"checkDogVaccinationRenewal","decl":{"start":{"line":513,"column":9},"end":{"line":513,"column":35}},"loc":{"start":{"line":513,"column":68},"end":{"line":554,"column":1}},"line":513},"22":{"name":"(anonymous_22)","decl":{"start":{"line":517,"column":26},"end":{"line":517,"column":27}},"loc":{"start":{"line":517,"column":39},"end":{"line":517,"column":69}},"line":517},"23":{"name":"(anonymous_23)","decl":{"start":{"line":522,"column":26},"end":{"line":522,"column":27}},"loc":{"start":{"line":522,"column":39},"end":{"line":522,"column":62}},"line":522},"24":{"name":"(anonymous_24)","decl":{"start":{"line":528,"column":26},"end":{"line":528,"column":27}},"loc":{"start":{"line":528,"column":39},"end":{"line":528,"column":71}},"line":528},"25":{"name":"(anonymous_25)","decl":{"start":{"line":535,"column":26},"end":{"line":535,"column":27}},"loc":{"start":{"line":535,"column":39},"end":{"line":535,"column":65}},"line":535},"26":{"name":"(anonymous_26)","decl":{"start":{"line":540,"column":26},"end":{"line":540,"column":27}},"loc":{"start":{"line":540,"column":39},"end":{"line":540,"column":66}},"line":540},"27":{"name":"(anonymous_27)","decl":{"start":{"line":545,"column":26},"end":{"line":545,"column":27}},"loc":{"start":{"line":545,"column":39},"end":{"line":545,"column":67}},"line":545},"28":{"name":"(anonymous_28)","decl":{"start":{"line":550,"column":26},"end":{"line":550,"column":27}},"loc":{"start":{"line":550,"column":39},"end":{"line":550,"column":63}},"line":550}},"branchMap":{"0":{"loc":{"start":{"line":29,"column":4},"end":{"line":33,"column":5}},"type":"if","locations":[{"start":{"line":29,"column":4},"end":{"line":33,"column":5}},{"start":{},"end":{}}],"line":29},"1":{"loc":{"start":{"line":49,"column":4},"end":{"line":67,"column":5}},"type":"switch","locations":[{"start":{"line":50,"column":6},"end":{"line":55,"column":14}}],"line":49},"2":{"loc":{"start":{"line":177,"column":4},"end":{"line":179,"column":45}},"type":"cond-expr","locations":[{"start":{"line":178,"column":8},"end":{"line":178,"column":51}},{"start":{"line":179,"column":8},"end":{"line":179,"column":45}}],"line":177},"3":{"loc":{"start":{"line":213,"column":2},"end":{"line":218,"column":3}},"type":"if","locations":[{"start":{"line":213,"column":2},"end":{"line":218,"column":3}},{"start":{},"end":{}}],"line":213},"4":{"loc":{"start":{"line":327,"column":4},"end":{"line":331,"column":5}},"type":"if","locations":[{"start":{"line":327,"column":4},"end":{"line":331,"column":5}},{"start":{},"end":{}}],"line":327},"5":{"loc":{"start":{"line":344,"column":4},"end":{"line":362,"column":5}},"type":"switch","locations":[{"start":{"line":345,"column":6},"end":{"line":350,"column":14}}],"line":344},"6":{"loc":{"start":{"line":505,"column":11},"end":{"line":507,"column":15}},"type":"cond-expr","locations":[{"start":{"line":506,"column":8},"end":{"line":506,"column":55}},{"start":{"line":507,"column":8},"end":{"line":507,"column":15}}],"line":505}},"s":{"0":9,"1":9,"2":9,"3":2,"4":2,"5":2,"6":2,"7":2,"8":2,"9":1,"10":1,"11":27,"12":27,"13":1,"14":1,"15":1,"16":1,"17":1,"18":9,"19":1,"20":1,"21":1,"22":1,"23":1,"24":9,"25":3,"26":81,"27":3,"28":22,"29":3,"30":3,"31":18,"32":3,"33":3,"34":3,"35":3,"36":3,"37":3,"38":3,"39":1,"40":2,"41":9,"42":2,"43":2,"44":2,"45":2,"46":2,"47":2,"48":1,"49":1,"50":27,"51":27,"52":1,"53":1,"54":1,"55":1,"56":1,"57":1,"58":1,"59":54,"60":54,"61":9,"62":1,"63":27,"64":27,"65":27,"66":27,"67":27,"68":27,"69":27,"70":9,"71":4,"72":4,"73":8,"74":216,"75":4,"76":8,"77":1,"78":4,"79":4,"80":4,"81":4,"82":4,"83":4,"84":4,"85":108,"86":108,"87":108,"88":4,"89":1,"90":7,"91":1,"92":6,"93":1,"94":8,"95":1,"96":2,"97":1,"98":3,"99":1,"100":4,"101":1,"102":5,"103":1,"104":9},"f":{"0":2,"1":27,"2":1,"3":3,"4":81,"5":22,"6":18,"7":2,"8":27,"9":54,"10":1,"11":27,"12":4,"13":8,"14":216,"15":8,"16":1,"17":4,"18":4,"19":108,"20":108,"21":1,"22":7,"23":6,"24":8,"25":2,"26":3,"27":4,"28":5},"b":{"0":[1,1],"1":[1],"2":[27,54],"3":[1,2],"4":[1,1],"5":[1],"6":[108,0]},"_coverageSchema":"1a1c01bbd47fc00a2c39e90264f33305004495a9","hash":"0faa32d0672405e28766696fa5a7878400c3b61c"}
,"C:\\Users\\danie\\Desktop\\Final Project\\Code\\VetPet\\backend\\src\\controllers\\vetController.js": {"path":"C:\\Users\\danie\\Desktop\\Final Project\\Code\\VetPet\\backend\\src\\controllers\\vetController.js","statementMap":{"0":{"start":{"line":1,"column":13},"end":{"line":1,"column":36}},"1":{"start":{"line":3,"column":24},"end":{"line":62,"column":1}},"2":{"start":{"line":4,"column":16},"end":{"line":4,"column":43}},"3":{"start":{"line":6,"column":2},"end":{"line":8,"column":3}},"4":{"start":{"line":7,"column":4},"end":{"line":7,"column":72}},"5":{"start":{"line":18,"column":2},"end":{"line":61,"column":3}},"6":{"start":{"line":19,"column":20},"end":{"line":19,"column":28}},"7":{"start":{"line":21,"column":23},"end":{"line":21,"column":25}},"8":{"start":{"line":22,"column":23},"end":{"line":22,"column":25}},"9":{"start":{"line":23,"column":16},"end":{"line":23,"column":17}},"10":{"start":{"line":25,"column":4},"end":{"line":32,"column":5}},"11":{"start":{"line":39,"column":4},"end":{"line":39,"column":29}},"12":{"start":{"line":41,"column":24},"end":{"line":46,"column":5}},"13":{"start":{"line":48,"column":22},"end":{"line":48,"column":65}},"14":{"start":{"line":49,"column":4},"end":{"line":51,"column":5}},"15":{"start":{"line":50,"column":6},"end":{"line":50,"column":53}},"16":{"start":{"line":52,"column":4},"end":{"line":55,"column":7}},"17":{"start":{"line":64,"column":22},"end":{"line":97,"column":1}},"18":{"start":{"line":65,"column":16},"end":{"line":65,"column":43}},"19":{"start":{"line":67,"column":2},"end":{"line":70,"column":3}},"20":{"start":{"line":80,"column":2},"end":{"line":96,"column":3}},"21":{"start":{"line":81,"column":23},"end":{"line":84,"column":5}},"22":{"start":{"line":86,"column":4},"end":{"line":88,"column":5}},"23":{"start":{"line":87,"column":6},"end":{"line":87,"column":53}},"24":{"start":{"line":90,"column":4},"end":{"line":90,"column":33}},"25":{"start":{"line":99,"column":0},"end":{"line":102,"column":2}}},"fnMap":{"0":{"name":"(anonymous_0)","decl":{"start":{"line":3,"column":24},"end":{"line":3,"column":25}},"loc":{"start":{"line":3,"column":44},"end":{"line":62,"column":1}},"line":3},"1":{"name":"(anonymous_1)","decl":{"start":{"line":64,"column":22},"end":{"line":64,"column":23}},"loc":{"start":{"line":64,"column":42},"end":{"line":97,"column":1}},"line":64}},"branchMap":{"0":{"loc":{"start":{"line":6,"column":2},"end":{"line":8,"column":3}},"type":"if","locations":[{"start":{"line":6,"column":2},"end":{"line":8,"column":3}},{"start":{},"end":{}}],"line":6},"1":{"loc":{"start":{"line":49,"column":4},"end":{"line":51,"column":5}},"type":"if","locations":[{"start":{"line":49,"column":4},"end":{"line":51,"column":5}},{"start":{},"end":{}}],"line":49},"2":{"loc":{"start":{"line":67,"column":2},"end":{"line":70,"column":3}},"type":"if","locations":[{"start":{"line":67,"column":2},"end":{"line":70,"column":3}},{"start":{},"end":{}}],"line":67},"3":{"loc":{"start":{"line":86,"column":4},"end":{"line":88,"column":5}},"type":"if","locations":[{"start":{"line":86,"column":4},"end":{"line":88,"column":5}},{"start":{},"end":{}}],"line":86}},"s":{"0":8,"1":8,"2":3,"3":3,"4":1,"5":2,"6":2,"7":2,"8":2,"9":2,"10":2,"11":2,"12":2,"13":2,"14":2,"15":1,"16":1,"17":8,"18":4,"19":4,"20":2,"21":2,"22":2,"23":1,"24":1,"25":8},"f":{"0":3,"1":4},"b":{"0":[1,2],"1":[1,1],"2":[2,2],"3":[1,1]},"_coverageSchema":"1a1c01bbd47fc00a2c39e90264f33305004495a9","hash":"6a4d036c1916e5a750ccf161ff57257c66489f6d"}
}
