TN:
SF:src\server.js
FNF:0
FNH:0
DA:1,8
DA:2,8
DA:3,8
DA:4,8
DA:5,8
DA:6,8
DA:7,8
DA:9,8
DA:12,8
DA:13,8
DA:16,8
DA:17,8
DA:18,8
DA:19,8
DA:20,8
DA:21,8
DA:22,8
DA:23,8
DA:24,8
DA:25,8
DA:26,8
DA:27,8
DA:28,8
DA:30,8
DA:31,8
DA:33,8
DA:34,8
DA:35,8
DA:36,8
DA:37,8
DA:38,8
DA:39,8
DA:40,8
DA:41,8
DA:42,8
DA:43,8
DA:44,8
DA:45,8
DA:49,8
DA:56,8
LF:40
LH:40
BRDA:49,0,0,8
BRF:1
BRH:1
end_of_record
TN:
SF:src\api\routes\appointmentsRoutes.js
FNF:0
FNH:0
DA:1,8
DA:2,8
DA:18,8
DA:20,8
DA:21,8
DA:22,8
DA:26,8
DA:27,8
DA:28,8
DA:32,8
DA:36,8
DA:37,8
DA:38,8
DA:39,8
DA:43,8
DA:47,8
DA:48,8
DA:50,8
LF:18
LH:18
BRF:0
BRH:0
end_of_record
TN:
SF:src\api\routes\authRoutes.js
FNF:0
FNH:0
DA:1,8
DA:2,8
DA:7,8
DA:12,8
DA:14,8
DA:15,8
DA:16,8
DA:17,8
DA:19,8
LF:9
LH:9
BRF:0
BRH:0
end_of_record
TN:
SF:src\api\routes\medicalTestsResultsRoutes.js
FNF:0
FNH:0
DA:1,8
DA:2,8
DA:3,8
DA:5,8
DA:6,8
DA:7,8
DA:9,8
LF:7
LH:7
BRF:0
BRH:0
end_of_record
TN:
SF:src\api\routes\notificationsCountRoutes.js
FNF:0
FNH:0
DA:1,8
DA:2,8
DA:8,8
DA:10,8
DA:14,8
DA:19,8
DA:24,8
DA:26,8
LF:8
LH:8
BRF:0
BRH:0
end_of_record
TN:
SF:src\api\routes\ownersRoutes.js
FNF:0
FNH:0
DA:1,8
DA:2,8
DA:8,8
DA:10,8
DA:11,8
DA:12,8
DA:13,8
DA:15,8
LF:8
LH:8
BRF:0
BRH:0
end_of_record
TN:
SF:src\api\routes\paypalRoutes.js
FNF:0
FNH:0
DA:1,8
DA:2,8
DA:7,8
DA:9,8
DA:10,8
DA:11,8
DA:13,8
LF:7
LH:7
BRF:0
BRH:0
end_of_record
TN:
SF:src\api\routes\petsRoutes.js
FNF:0
FNH:0
DA:1,8
DA:2,8
DA:9,8
DA:11,8
DA:12,8
DA:13,8
DA:14,8
DA:15,8
DA:20,8
LF:9
LH:9
BRF:0
BRH:0
end_of_record
TN:
SF:src\api\routes\prescriptionsRoutes.js
FNF:0
FNH:0
DA:1,8
DA:2,8
DA:5,8
DA:7,8
DA:9,8
LF:5
LH:5
BRF:0
BRH:0
end_of_record
TN:
SF:src\api\routes\recordsRoutes.js
FNF:0
FNH:0
DA:1,8
DA:2,8
DA:3,8
DA:5,8
DA:7,8
LF:5
LH:5
BRF:0
BRH:0
end_of_record
TN:
SF:src\api\routes\referencesRoutes.js
FNF:0
FNH:0
DA:1,8
DA:2,8
DA:5,8
DA:7,8
DA:9,8
LF:5
LH:5
BRF:0
BRH:0
end_of_record
TN:
SF:src\api\routes\stripeRoutes.js
FNF:0
FNH:0
DA:1,8
DA:2,8
DA:3,8
DA:5,8
DA:6,8
DA:8,8
LF:6
LH:6
BRF:0
BRH:0
end_of_record
TN:
SF:src\api\routes\vaccineRoutes.js
FNF:0
FNH:0
DA:1,8
DA:2,8
DA:6,8
DA:8,8
DA:9,8
DA:14,8
LF:6
LH:6
BRF:0
BRH:0
end_of_record
TN:
SF:src\api\routes\vetRoutes.js
FNF:0
FNH:0
DA:1,8
DA:2,8
DA:6,8
DA:8,8
DA:9,8
DA:11,8
LF:6
LH:6
BRF:0
BRH:0
end_of_record
TN:
SF:src\config\db.js
FNF:0
FNH:0
DA:1,10
DA:11,10
DA:31,10
DA:33,10
LF:4
LH:4
BRF:0
BRH:0
end_of_record
TN:
SF:src\config\paypalClient.js
FNF:0
FNH:0
DA:1,8
DA:3,8
DA:4,8
DA:6,8
DA:10,8
DA:12,8
LF:6
LH:6
BRF:0
BRH:0
end_of_record
TN:
SF:src\config\stripeClient.js
FNF:0
FNH:0
DA:1,8
DA:2,8
DA:4,8
LF:3
LH:3
BRF:0
BRH:0
end_of_record
TN:
SF:src\controllers\appointmentsController.js
FN:106,(anonymous_0)
FN:210,(anonymous_1)
FN:229,(anonymous_2)
FN:239,(anonymous_3)
FN:261,(anonymous_4)
FN:271,(anonymous_5)
FN:293,(anonymous_6)
FN:306,(anonymous_7)
FN:329,(anonymous_8)
FN:342,(anonymous_9)
FN:740,formatAppointmentDateTime1
FNF:11
FNH:11
FNDA:1,(anonymous_0)
FNDA:1,(anonymous_1)
FNDA:2,(anonymous_2)
FNDA:30,(anonymous_3)
FNDA:2,(anonymous_4)
FNDA:1,(anonymous_5)
FNDA:2,(anonymous_6)
FNDA:33,(anonymous_7)
FNDA:2,(anonymous_8)
FNDA:1,(anonymous_9)
FNDA:65,formatAppointmentDateTime1
DA:1,9
DA:2,9
DA:106,9
DA:107,1
DA:108,1
DA:109,1
DA:113,1
DA:114,1
DA:210,9
DA:211,1
DA:212,1
DA:220,1
DA:229,9
DA:230,2
DA:231,2
DA:233,2
DA:234,2
DA:238,2
DA:239,1
DA:240,30
DA:243,30
DA:249,1
DA:251,1
DA:261,9
DA:262,2
DA:263,2
DA:265,2
DA:266,2
DA:270,2
DA:271,1
DA:272,1
DA:275,1
DA:281,1
DA:283,1
DA:293,9
DA:294,2
DA:295,2
DA:297,2
DA:298,2
DA:305,2
DA:306,1
DA:307,33
DA:310,33
DA:317,1
DA:319,1
DA:329,9
DA:330,2
DA:331,2
DA:333,2
DA:334,2
DA:341,2
DA:342,1
DA:343,1
DA:346,1
DA:353,1
DA:355,1
DA:741,65
DA:742,65
DA:748,9
LF:59
LH:59
BRDA:238,0,0,1
BRDA:238,0,1,1
BRDA:270,1,0,1
BRDA:270,1,1,1
BRDA:305,2,0,1
BRDA:305,2,1,1
BRDA:341,3,0,1
BRDA:341,3,1,1
BRF:8
BRH:8
end_of_record
TN:
SF:src\controllers\medicalTestsResultsController.js
FNF:0
FNH:0
DA:1,8
DA:2,8
DA:196,8
LF:3
LH:3
BRF:0
BRH:0
end_of_record
TN:
SF:src\controllers\notificationsCountController.js
FN:11,(anonymous_0)
FN:23,(anonymous_1)
FN:24,(anonymous_2)
FN:51,(anonymous_3)
FN:52,(anonymous_4)
FN:90,(anonymous_5)
FN:93,(anonymous_6)
FN:94,(anonymous_7)
FN:106,(anonymous_8)
FN:113,(anonymous_9)
FN:121,(anonymous_10)
FN:125,(anonymous_11)
FN:126,(anonymous_12)
FNF:13
FNH:13
FNDA:2,(anonymous_0)
FNDA:2,(anonymous_1)
FNDA:2,(anonymous_2)
FNDA:1,(anonymous_3)
FNDA:1,(anonymous_4)
FNDA:2,(anonymous_5)
FNDA:2,(anonymous_6)
FNDA:2,(anonymous_7)
FNDA:1,(anonymous_8)
FNDA:1,(anonymous_9)
FNDA:1,(anonymous_10)
FNDA:1,(anonymous_11)
FNDA:1,(anonymous_12)
DA:1,9
DA:4,9
DA:9,9
DA:11,9
DA:12,2
DA:13,2
DA:22,2
DA:23,2
DA:25,2
DA:30,2
DA:32,2
DA:33,1
DA:36,1
DA:40,1
DA:41,1
DA:42,1
DA:43,1
DA:45,1
DA:46,1
DA:50,1
DA:51,1
DA:53,1
DA:57,1
DA:76,1
DA:78,1
DA:79,1
DA:90,9
DA:92,2
DA:93,2
DA:95,2
DA:100,2
DA:106,9
DA:107,1
DA:110,1
DA:113,9
DA:114,1
DA:115,1
DA:121,9
DA:122,1
DA:124,1
DA:125,1
DA:127,1
DA:131,1
DA:132,1
DA:135,9
LF:45
LH:45
BRDA:32,0,0,1
BRDA:32,0,1,1
BRDA:32,1,0,2
BRDA:32,1,1,1
BRF:4
BRH:4
end_of_record
TN:
SF:src\controllers\ownersController.js
FN:15,(anonymous_0)
FN:68,(anonymous_1)
FN:89,(anonymous_2)
FN:118,(anonymous_3)
FNF:4
FNH:4
FNDA:3,(anonymous_0)
FNDA:2,(anonymous_1)
FNDA:2,(anonymous_2)
FNDA:7,(anonymous_3)
DA:1,8
DA:2,8
DA:15,8
DA:16,3
DA:18,3
DA:19,1
DA:24,2
DA:26,2
DA:27,2
DA:28,2
DA:30,2
DA:42,2
DA:44,2
DA:51,2
DA:52,2
DA:53,2
DA:54,1
DA:56,1
DA:68,8
DA:69,2
DA:70,2
DA:72,2
DA:73,2
DA:77,2
DA:78,1
DA:80,1
DA:89,8
DA:90,2
DA:103,2
DA:104,2
DA:112,2
DA:113,1
DA:118,7
DA:136,8
LF:34
LH:34
BRDA:18,0,0,1
BRDA:18,0,1,2
BRDA:53,1,0,1
BRDA:53,1,1,1
BRDA:77,2,0,1
BRDA:77,2,1,1
BRDA:112,3,0,1
BRDA:112,3,1,1
BRF:8
BRH:8
end_of_record
TN:
SF:src\controllers\petsController.js
FN:67,(anonymous_0)
FN:101,(anonymous_1)
FNF:2
FNH:2
FNDA:2,(anonymous_0)
FNDA:2,(anonymous_1)
DA:1,9
DA:2,9
DA:67,9
DA:68,2
DA:70,2
DA:71,1
DA:76,1
DA:77,1
DA:101,9
DA:102,2
DA:104,2
DA:105,1
DA:110,1
DA:111,1
DA:209,9
LF:15
LH:15
BRDA:70,0,0,1
BRDA:70,0,1,1
BRDA:104,1,0,1
BRDA:104,1,1,1
BRF:4
BRH:4
end_of_record
TN:
SF:src\controllers\prescriptionsController.js
FN:4,(anonymous_0)
FN:20,(anonymous_1)
FN:33,(anonymous_2)
FN:46,(anonymous_3)
FN:47,(anonymous_4)
FN:56,(anonymous_5)
FNF:6
FNH:6
FNDA:3,(anonymous_0)
FNDA:1,(anonymous_1)
FNDA:3,(anonymous_2)
FNDA:1,(anonymous_3)
FNDA:3,(anonymous_4)
FNDA:4,(anonymous_5)
DA:1,8
DA:2,8
DA:4,8
DA:5,3
DA:10,3
DA:11,2
DA:14,1
DA:15,1
DA:17,1
DA:20,8
DA:21,1
DA:33,1
DA:34,3
DA:35,3
DA:43,1
DA:46,8
DA:47,3
DA:56,8
DA:57,4
DA:59,4
DA:60,1
DA:65,3
DA:66,3
DA:67,1
DA:68,1
DA:73,1
DA:75,2
DA:82,2
DA:88,8
LF:29
LH:29
BRDA:10,0,0,2
BRDA:10,0,1,1
BRDA:59,1,0,1
BRDA:59,1,1,3
BRDA:59,2,0,4
BRDA:59,2,1,3
BRF:6
BRH:6
end_of_record
TN:
SF:src\controllers\recordsController.js
FN:4,(anonymous_0)
FN:54,(anonymous_1)
FN:63,(anonymous_2)
FN:98,(anonymous_3)
FNF:4
FNH:4
FNDA:4,(anonymous_0)
FNDA:28,(anonymous_1)
FNDA:3,(anonymous_2)
FNDA:1,(anonymous_3)
DA:1,8
DA:2,8
DA:4,8
DA:5,4
DA:7,4
DA:8,1
DA:18,3
DA:20,3
DA:25,3
DA:26,2
DA:29,1
DA:30,1
DA:42,1
DA:53,1
DA:55,28
DA:63,28
DA:88,28
DA:89,28
DA:90,1
DA:98,1
DA:116,28
DA:141,1
DA:153,8
LF:23
LH:23
BRDA:7,0,0,1
BRDA:7,0,1,3
BRDA:25,1,0,2
BRDA:25,1,1,1
BRDA:89,2,0,1
BRDA:89,2,1,27
BRDA:103,3,0,1
BRDA:103,3,1,0
BRF:8
BRH:7
end_of_record
TN:
SF:src\controllers\referencesController.js
FN:4,(anonymous_0)
FN:21,(anonymous_1)
FN:38,(anonymous_2)
FN:39,(anonymous_3)
FN:62,(anonymous_4)
FNF:5
FNH:5
FNDA:3,(anonymous_0)
FNDA:2,(anonymous_1)
FNDA:1,(anonymous_2)
FNDA:1,(anonymous_3)
FNDA:4,(anonymous_4)
DA:1,8
DA:2,8
DA:4,8
DA:5,3
DA:10,3
DA:11,1
DA:14,2
DA:15,2
DA:16,2
DA:18,2
DA:21,8
DA:22,2
DA:31,2
DA:32,1
DA:35,1
DA:38,8
DA:39,1
DA:40,1
DA:54,1
DA:55,1
DA:56,1
DA:57,1
DA:58,1
DA:62,8
DA:63,4
DA:65,4
DA:66,1
DA:71,3
DA:72,3
DA:73,2
DA:74,1
DA:76,1
DA:80,2
DA:87,2
DA:93,8
LF:35
LH:35
BRDA:10,0,0,1
BRDA:10,0,1,2
BRDA:31,1,0,1
BRDA:31,1,1,1
BRDA:65,2,0,1
BRDA:65,2,1,3
BRDA:65,3,0,4
BRDA:65,3,1,3
BRF:8
BRH:8
end_of_record
TN:
SF:src\controllers\vaccineController.js
FN:4,(anonymous_0)
FN:35,(anonymous_1)
FN:101,(anonymous_2)
FN:175,(anonymous_3)
FN:176,(anonymous_4)
FN:182,(anonymous_5)
FN:194,(anonymous_6)
FN:298,(anonymous_7)
FN:333,(anonymous_8)
FN:379,formatDateTime
FN:387,(anonymous_10)
FN:388,(anonymous_11)
FN:453,(anonymous_12)
FN:461,(anonymous_13)
FN:462,(anonymous_14)
FN:466,(anonymous_15)
FN:467,(anonymous_16)
FN:475,(anonymous_17)
FN:483,(anonymous_18)
FN:501,(anonymous_19)
FN:504,(anonymous_20)
FN:513,checkDogVaccinationRenewal
FN:517,(anonymous_22)
FN:522,(anonymous_23)
FN:528,(anonymous_24)
FN:535,(anonymous_25)
FN:540,(anonymous_26)
FN:545,(anonymous_27)
FN:550,(anonymous_28)
FNF:29
FNH:29
FNDA:2,(anonymous_0)
FNDA:27,(anonymous_1)
FNDA:1,(anonymous_2)
FNDA:3,(anonymous_3)
FNDA:81,(anonymous_4)
FNDA:22,(anonymous_5)
FNDA:18,(anonymous_6)
FNDA:2,(anonymous_7)
FNDA:27,(anonymous_8)
FNDA:54,formatDateTime
FNDA:1,(anonymous_10)
FNDA:27,(anonymous_11)
FNDA:4,(anonymous_12)
FNDA:8,(anonymous_13)
FNDA:216,(anonymous_14)
FNDA:8,(anonymous_15)
FNDA:1,(anonymous_16)
FNDA:4,(anonymous_17)
FNDA:4,(anonymous_18)
FNDA:108,(anonymous_19)
FNDA:108,(anonymous_20)
FNDA:1,checkDogVaccinationRenewal
FNDA:7,(anonymous_22)
FNDA:6,(anonymous_23)
FNDA:8,(anonymous_24)
FNDA:2,(anonymous_25)
FNDA:3,(anonymous_26)
FNDA:4,(anonymous_27)
FNDA:5,(anonymous_28)
DA:1,9
DA:2,9
DA:4,9
DA:5,2
DA:6,2
DA:15,2
DA:16,2
DA:28,2
DA:29,2
DA:30,1
DA:35,1
DA:36,27
DA:37,27
DA:43,1
DA:49,1
DA:51,1
DA:55,1
DA:69,1
DA:101,9
DA:102,1
DA:108,1
DA:114,1
DA:129,1
DA:152,1
DA:175,9
DA:176,3
DA:177,81
DA:182,3
DA:183,22
DA:191,3
DA:193,3
DA:194,18
DA:201,3
DA:202,3
DA:206,3
DA:207,3
DA:209,3
DA:211,3
DA:213,3
DA:214,1
DA:219,2
DA:298,9
DA:299,2
DA:300,2
DA:309,2
DA:310,2
DA:325,2
DA:327,2
DA:328,1
DA:333,1
DA:334,27
DA:335,27
DA:342,1
DA:343,1
DA:344,1
DA:346,1
DA:350,1
DA:364,1
DA:368,1
DA:380,54
DA:381,54
DA:387,9
DA:388,1
DA:389,27
DA:390,27
DA:394,27
DA:395,27
DA:396,27
DA:398,27
DA:400,27
DA:453,9
DA:458,4
DA:461,4
DA:462,216
DA:466,4
DA:467,8
DA:468,1
DA:475,4
DA:476,4
DA:479,4
DA:481,4
DA:482,4
DA:484,4
DA:501,4
DA:502,108
DA:504,108
DA:505,108
DA:510,4
DA:514,1
DA:517,7
DA:519,1
DA:522,6
DA:525,1
DA:528,8
DA:532,1
DA:535,2
DA:537,1
DA:540,3
DA:542,1
DA:545,4
DA:547,1
DA:550,5
DA:553,1
DA:579,9
LF:104
LH:104
BRDA:29,0,0,1
BRDA:29,0,1,1
BRDA:49,1,0,1
BRDA:177,2,0,27
BRDA:177,2,1,54
BRDA:213,3,0,1
BRDA:213,3,1,2
BRDA:327,4,0,1
BRDA:327,4,1,1
BRDA:344,5,0,1
BRDA:505,6,0,108
BRDA:505,6,1,0
BRF:12
BRH:11
end_of_record
TN:
SF:src\controllers\vetController.js
FN:3,(anonymous_0)
FN:64,(anonymous_1)
FNF:2
FNH:2
FNDA:3,(anonymous_0)
FNDA:4,(anonymous_1)
DA:1,8
DA:3,8
DA:4,3
DA:6,3
DA:7,1
DA:18,2
DA:19,2
DA:21,2
DA:22,2
DA:23,2
DA:25,2
DA:39,2
DA:41,2
DA:48,2
DA:49,2
DA:50,1
DA:52,1
DA:64,8
DA:65,4
DA:67,4
DA:80,2
DA:81,2
DA:86,2
DA:87,1
DA:90,1
DA:99,8
LF:26
LH:26
BRDA:6,0,0,1
BRDA:6,0,1,2
BRDA:49,1,0,1
BRDA:49,1,1,1
BRDA:67,2,0,2
BRDA:67,2,1,2
BRDA:86,3,0,1
BRDA:86,3,1,1
BRF:8
BRH:8
end_of_record
